2023-06-04T01:27:50.372+08:00  INFO 7 --- [main] run.halo.app.Application                 : Starting Application v2.6.0 using Java 17.0.7 with PID 7 (/application/BOOT-INF/classes started by root in /application)
2023-06-04T01:27:50.402+08:00  INFO 7 --- [main] run.halo.app.Application                 : No active profile set, falling back to 1 default profile: "default"
2023-06-04T01:27:52.504+08:00  INFO 7 --- [main] .s.d.r.c.RepositoryConfigurationDelegate : Multiple Spring Data modules found, entering strict repository configuration mode
2023-06-04T01:27:52.507+08:00  INFO 7 --- [main] .s.d.r.c.RepositoryConfigurationDelegate : Bootstrapping Spring Data R2DBC repositories in DEFAULT mode.
2023-06-04T01:27:52.704+08:00  INFO 7 --- [main] .s.d.r.c.RepositoryConfigurationDelegate : Finished Spring Data repository scanning in 179 ms. Found 1 R2DBC repository interfaces.
2023-06-04T01:27:54.646+08:00  INFO 7 --- [main] org.pf4j.DefaultPluginStatusProvider     : Enabled plugins: []
2023-06-04T01:27:54.648+08:00  INFO 7 --- [main] org.pf4j.DefaultPluginStatusProvider     : Disabled plugins: []
2023-06-04T01:27:54.653+08:00  INFO 7 --- [main] org.pf4j.DefaultPluginManager            : PF4J version 3.9.0 in 'deployment' mode
2023-06-04T01:27:56.725+08:00  INFO 7 --- [main] o.s.b.a.e.web.EndpointLinksResolver      : Exposing 5 endpoint(s) beneath base path '/actuator'
2023-06-04T01:27:59.539+08:00  WARN 7 --- [main] onfigReactiveWebServerApplicationContext : Exception encountered during context initialization - cancelling refresh attempt: org.springframework.beans.factory.BeanCreationException: Error creating bean with name 'r2dbcScriptDatabaseInitializer' defined in class path resource [org/springframework/boot/autoconfigure/sql/init/R2dbcInitializationConfiguration.class]: Failed to execute database script
2023-06-04T01:27:59.553+08:00  INFO 7 --- [main] r.h.a.e.c.DefaultControllerManager       : Shutting down 0 controllers...
2023-06-04T01:27:59.555+08:00  INFO 7 --- [main] r.h.a.e.c.DefaultControllerManager       : Shutdown 0 controllers.
2023-06-04T01:27:59.557+08:00  INFO 7 --- [main] r.h.a.e.controller.DefaultController     : Disposing controller garbage-collector-controller
2023-06-04T01:27:59.558+08:00  INFO 7 --- [main] r.h.a.e.controller.DefaultController     : Controller garbage-collector-controller is disposed
2023-06-04T01:27:59.593+08:00  INFO 7 --- [main] .s.b.a.l.ConditionEvaluationReportLogger : 

Error starting ApplicationContext. To display the condition evaluation report re-run your application with 'debug' enabled.
2023-06-04T01:27:59.620+08:00 ERROR 7 --- [main] o.s.boot.SpringApplication               : Application run failed

org.springframework.beans.factory.BeanCreationException: Error creating bean with name 'r2dbcScriptDatabaseInitializer' defined in class path resource [org/springframework/boot/autoconfigure/sql/init/R2dbcInitializationConfiguration.class]: Failed to execute database script
	at org.springframework.beans.factory.support.AbstractAutowireCapableBeanFactory.initializeBean(AbstractAutowireCapableBeanFactory.java:1770) ~[spring-beans-6.0.9.jar:6.0.9]
	at org.springframework.beans.factory.support.AbstractAutowireCapableBeanFactory.doCreateBean(AbstractAutowireCapableBeanFactory.java:598) ~[spring-beans-6.0.9.jar:6.0.9]
	at org.springframework.beans.factory.support.AbstractAutowireCapableBeanFactory.createBean(AbstractAutowireCapableBeanFactory.java:520) ~[spring-beans-6.0.9.jar:6.0.9]
	at org.springframework.beans.factory.support.AbstractBeanFactory.lambda$doGetBean$0(AbstractBeanFactory.java:326) ~[spring-beans-6.0.9.jar:6.0.9]
	at org.springframework.beans.factory.support.DefaultSingletonBeanRegistry.getSingleton(DefaultSingletonBeanRegistry.java:234) ~[spring-beans-6.0.9.jar:6.0.9]
	at org.springframework.beans.factory.support.AbstractBeanFactory.doGetBean(AbstractBeanFactory.java:324) ~[spring-beans-6.0.9.jar:6.0.9]
	at org.springframework.beans.factory.support.AbstractBeanFactory.getBean(AbstractBeanFactory.java:200) ~[spring-beans-6.0.9.jar:6.0.9]
	at org.springframework.beans.factory.support.DefaultListableBeanFactory.preInstantiateSingletons(DefaultListableBeanFactory.java:973) ~[spring-beans-6.0.9.jar:6.0.9]
	at org.springframework.context.support.AbstractApplicationContext.finishBeanFactoryInitialization(AbstractApplicationContext.java:941) ~[spring-context-6.0.9.jar:6.0.9]
	at org.springframework.context.support.AbstractApplicationContext.refresh(AbstractApplicationContext.java:608) ~[spring-context-6.0.9.jar:6.0.9]
	at org.springframework.boot.web.reactive.context.ReactiveWebServerApplicationContext.refresh(ReactiveWebServerApplicationContext.java:66) ~[spring-boot-3.1.0.jar:3.1.0]
	at org.springframework.boot.SpringApplication.refresh(SpringApplication.java:733) ~[spring-boot-3.1.0.jar:3.1.0]
	at org.springframework.boot.SpringApplication.refreshContext(SpringApplication.java:435) ~[spring-boot-3.1.0.jar:3.1.0]
	at org.springframework.boot.SpringApplication.run(SpringApplication.java:311) ~[spring-boot-3.1.0.jar:3.1.0]
	at org.springframework.boot.builder.SpringApplicationBuilder.run(SpringApplicationBuilder.java:150) ~[spring-boot-3.1.0.jar:3.1.0]
	at run.halo.app.Application.main(Application.java:28) ~[classes/:2.6.0]
	at java.base/jdk.internal.reflect.NativeMethodAccessorImpl.invoke0(Native Method) ~[na:na]
	at java.base/jdk.internal.reflect.NativeMethodAccessorImpl.invoke(Unknown Source) ~[na:na]
	at java.base/jdk.internal.reflect.DelegatingMethodAccessorImpl.invoke(Unknown Source) ~[na:na]
	at java.base/java.lang.reflect.Method.invoke(Unknown Source) ~[na:na]
	at org.springframework.boot.loader.MainMethodRunner.run(MainMethodRunner.java:49) ~[application/:na]
	at org.springframework.boot.loader.Launcher.launch(Launcher.java:95) ~[application/:na]
	at org.springframework.boot.loader.Launcher.launch(Launcher.java:58) ~[application/:na]
	at org.springframework.boot.loader.JarLauncher.main(JarLauncher.java:65) ~[application/:na]
Caused by: org.springframework.r2dbc.connection.init.UncategorizedScriptException: Failed to execute database script
	at org.springframework.r2dbc.connection.init.DatabasePopulator.lambda$populate$4(DatabasePopulator.java:65) ~[spring-r2dbc-6.0.9.jar:6.0.9]
	at reactor.core.publisher.Mono.lambda$onErrorMap$27(Mono.java:3759) ~[reactor-core-3.5.6.jar:3.5.6]
	at reactor.core.publisher.Mono.lambda$onErrorResume$29(Mono.java:3849) ~[reactor-core-3.5.6.jar:3.5.6]
	at reactor.core.publisher.FluxOnErrorResume$ResumeSubscriber.onError(FluxOnErrorResume.java:94) ~[reactor-core-3.5.6.jar:3.5.6]
	at reactor.core.publisher.MonoUsingWhen$ResourceSubscriber.onError(MonoUsingWhen.java:203) ~[reactor-core-3.5.6.jar:3.5.6]
	at reactor.core.publisher.FluxOnErrorResume$ResumeSubscriber.onError(FluxOnErrorResume.java:106) ~[reactor-core-3.5.6.jar:3.5.6]
	at reactor.core.publisher.Operators.error(Operators.java:198) ~[reactor-core-3.5.6.jar:3.5.6]
	at reactor.core.publisher.MonoError.subscribe(MonoError.java:53) ~[reactor-core-3.5.6.jar:3.5.6]
	at reactor.core.publisher.Mono.subscribe(Mono.java:4485) ~[reactor-core-3.5.6.jar:3.5.6]
	at reactor.core.publisher.FluxOnErrorResume$ResumeSubscriber.onError(FluxOnErrorResume.java:103) ~[reactor-core-3.5.6.jar:3.5.6]
	at reactor.core.publisher.FluxOnErrorResume$ResumeSubscriber.onError(FluxOnErrorResume.java:106) ~[reactor-core-3.5.6.jar:3.5.6]
	at reactor.core.publisher.FluxRetry$RetrySubscriber.onError(FluxRetry.java:95) ~[reactor-core-3.5.6.jar:3.5.6]
	at reactor.core.publisher.MonoFlatMap$FlatMapMain.onError(MonoFlatMap.java:180) ~[reactor-core-3.5.6.jar:3.5.6]
	at reactor.pool.AbstractPool$Borrower.fail(AbstractPool.java:475) ~[reactor-pool-1.0.0.jar:1.0.0]
	at reactor.pool.SimpleDequePool.lambda$drainLoop$9(SimpleDequePool.java:429) ~[reactor-pool-1.0.0.jar:1.0.0]
	at reactor.core.publisher.FluxDoOnEach$DoOnEachSubscriber.onError(FluxDoOnEach.java:186) ~[reactor-core-3.5.6.jar:3.5.6]
	at reactor.core.publisher.MonoFlatMap$FlatMapMain.onError(MonoFlatMap.java:180) ~[reactor-core-3.5.6.jar:3.5.6]
	at reactor.core.publisher.MonoFlatMap$FlatMapMain.onError(MonoFlatMap.java:180) ~[reactor-core-3.5.6.jar:3.5.6]
	at reactor.core.publisher.FluxMap$MapSubscriber.onError(FluxMap.java:134) ~[reactor-core-3.5.6.jar:3.5.6]
	at reactor.core.publisher.MonoCreate$DefaultMonoSink.error(MonoCreate.java:201) ~[reactor-core-3.5.6.jar:3.5.6]
	at reactor.netty.resources.NewConnectionProvider$DisposableConnect.onError(NewConnectionProvider.java:154) ~[reactor-netty-core-1.1.7.jar:1.1.7]
	at reactor.core.publisher.MonoFlatMap$FlatMapMain.secondError(MonoFlatMap.java:241) ~[reactor-core-3.5.6.jar:3.5.6]
	at reactor.core.publisher.MonoFlatMap$FlatMapInner.onError(MonoFlatMap.java:315) ~[reactor-core-3.5.6.jar:3.5.6]
	at reactor.core.publisher.FluxOnErrorResume$ResumeSubscriber.onError(FluxOnErrorResume.java:106) ~[reactor-core-3.5.6.jar:3.5.6]
	at reactor.core.publisher.Operators.error(Operators.java:198) ~[reactor-core-3.5.6.jar:3.5.6]
	at reactor.core.publisher.MonoError.subscribe(MonoError.java:53) ~[reactor-core-3.5.6.jar:3.5.6]
	at reactor.core.publisher.Mono.subscribe(Mono.java:4485) ~[reactor-core-3.5.6.jar:3.5.6]
	at reactor.core.publisher.FluxOnErrorResume$ResumeSubscriber.onError(FluxOnErrorResume.java:103) ~[reactor-core-3.5.6.jar:3.5.6]
	at reactor.netty.transport.TransportConnector$MonoChannelPromise.tryFailure(TransportConnector.java:587) ~[reactor-netty-core-1.1.7.jar:1.1.7]
	at reactor.netty.transport.TransportConnector.lambda$doResolveAndConnect$11(TransportConnector.java:394) ~[reactor-netty-core-1.1.7.jar:1.1.7]
	at io.netty.util.concurrent.DefaultPromise.notifyListener0(DefaultPromise.java:590) ~[netty-common-4.1.92.Final.jar:4.1.92.Final]
	at io.netty.util.concurrent.DefaultPromise.notifyListenersNow(DefaultPromise.java:557) ~[netty-common-4.1.92.Final.jar:4.1.92.Final]
	at io.netty.util.concurrent.DefaultPromise.notifyListeners(DefaultPromise.java:492) ~[netty-common-4.1.92.Final.jar:4.1.92.Final]
	at io.netty.util.concurrent.DefaultPromise.setValue0(DefaultPromise.java:636) ~[netty-common-4.1.92.Final.jar:4.1.92.Final]
	at io.netty.util.concurrent.DefaultPromise.setFailure0(DefaultPromise.java:629) ~[netty-common-4.1.92.Final.jar:4.1.92.Final]
	at io.netty.util.concurrent.DefaultPromise.setFailure(DefaultPromise.java:110) ~[netty-common-4.1.92.Final.jar:4.1.92.Final]
	at io.netty.resolver.InetSocketAddressResolver$2.operationComplete(InetSocketAddressResolver.java:86) ~[netty-resolver-4.1.92.Final.jar:4.1.92.Final]
	at io.netty.util.concurrent.DefaultPromise.notifyListener0(DefaultPromise.java:590) ~[netty-common-4.1.92.Final.jar:4.1.92.Final]
	at io.netty.util.concurrent.DefaultPromise.notifyListeners0(DefaultPromise.java:583) ~[netty-common-4.1.92.Final.jar:4.1.92.Final]
	at io.netty.util.concurrent.DefaultPromise.notifyListenersNow(DefaultPromise.java:559) ~[netty-common-4.1.92.Final.jar:4.1.92.Final]
	at io.netty.util.concurrent.DefaultPromise.notifyListeners(DefaultPromise.java:492) ~[netty-common-4.1.92.Final.jar:4.1.92.Final]
	at io.netty.util.concurrent.DefaultPromise.setValue0(DefaultPromise.java:636) ~[netty-common-4.1.92.Final.jar:4.1.92.Final]
	at io.netty.util.concurrent.DefaultPromise.setFailure0(DefaultPromise.java:629) ~[netty-common-4.1.92.Final.jar:4.1.92.Final]
	at io.netty.util.concurrent.DefaultPromise.tryFailure(DefaultPromise.java:118) ~[netty-common-4.1.92.Final.jar:4.1.92.Final]
	at io.netty.resolver.dns.DnsResolveContext.finishResolve(DnsResolveContext.java:1096) ~[netty-resolver-dns-4.1.92.Final.jar:4.1.92.Final]
	at io.netty.resolver.dns.DnsResolveContext.tryToFinishResolve(DnsResolveContext.java:1035) ~[netty-resolver-dns-4.1.92.Final.jar:4.1.92.Final]
	at io.netty.resolver.dns.DnsResolveContext.query(DnsResolveContext.java:422) ~[netty-resolver-dns-4.1.92.Final.jar:4.1.92.Final]
	at io.netty.resolver.dns.DnsResolveContext.onResponse(DnsResolveContext.java:655) ~[netty-resolver-dns-4.1.92.Final.jar:4.1.92.Final]
	at io.netty.resolver.dns.DnsResolveContext.access$500(DnsResolveContext.java:66) ~[netty-resolver-dns-4.1.92.Final.jar:4.1.92.Final]
	at io.netty.resolver.dns.DnsResolveContext$2.operationComplete(DnsResolveContext.java:482) ~[netty-resolver-dns-4.1.92.Final.jar:4.1.92.Final]
	at io.netty.util.concurrent.DefaultPromise.notifyListener0(DefaultPromise.java:590) ~[netty-common-4.1.92.Final.jar:4.1.92.Final]
	at io.netty.util.concurrent.DefaultPromise.notifyListeners0(DefaultPromise.java:583) ~[netty-common-4.1.92.Final.jar:4.1.92.Final]
	at io.netty.util.concurrent.DefaultPromise.notifyListenersNow(DefaultPromise.java:559) ~[netty-common-4.1.92.Final.jar:4.1.92.Final]
	at io.netty.util.concurrent.DefaultPromise.notifyListeners(DefaultPromise.java:492) ~[netty-common-4.1.92.Final.jar:4.1.92.Final]
	at io.netty.util.concurrent.DefaultPromise.setValue0(DefaultPromise.java:636) ~[netty-common-4.1.92.Final.jar:4.1.92.Final]
	at io.netty.util.concurrent.DefaultPromise.setSuccess0(DefaultPromise.java:625) ~[netty-common-4.1.92.Final.jar:4.1.92.Final]
	at io.netty.util.concurrent.DefaultPromise.trySuccess(DefaultPromise.java:105) ~[netty-common-4.1.92.Final.jar:4.1.92.Final]
	at io.netty.resolver.dns.DnsQueryContext.trySuccess(DnsQueryContext.java:232) ~[netty-resolver-dns-4.1.92.Final.jar:4.1.92.Final]
	at io.netty.resolver.dns.DnsQueryContext.finish(DnsQueryContext.java:224) ~[netty-resolver-dns-4.1.92.Final.jar:4.1.92.Final]
	at io.netty.resolver.dns.DnsNameResolver$DnsResponseHandler.channelRead(DnsNameResolver.java:1364) ~[netty-resolver-dns-4.1.92.Final.jar:4.1.92.Final]
	at io.netty.channel.AbstractChannelHandlerContext.invokeChannelRead(AbstractChannelHandlerContext.java:444) ~[netty-transport-4.1.92.Final.jar:4.1.92.Final]
	at io.netty.channel.AbstractChannelHandlerContext.invokeChannelRead(AbstractChannelHandlerContext.java:420) ~[netty-transport-4.1.92.Final.jar:4.1.92.Final]
	at io.netty.channel.AbstractChannelHandlerContext.fireChannelRead(AbstractChannelHandlerContext.java:412) ~[netty-transport-4.1.92.Final.jar:4.1.92.Final]
	at io.netty.handler.codec.MessageToMessageDecoder.channelRead(MessageToMessageDecoder.java:103) ~[netty-codec-4.1.92.Final.jar:4.1.92.Final]
	at io.netty.channel.AbstractChannelHandlerContext.invokeChannelRead(AbstractChannelHandlerContext.java:444) ~[netty-transport-4.1.92.Final.jar:4.1.92.Final]
	at io.netty.channel.AbstractChannelHandlerContext.invokeChannelRead(AbstractChannelHandlerContext.java:420) ~[netty-transport-4.1.92.Final.jar:4.1.92.Final]
	at io.netty.channel.AbstractChannelHandlerContext.fireChannelRead(AbstractChannelHandlerContext.java:412) ~[netty-transport-4.1.92.Final.jar:4.1.92.Final]
	at io.netty.channel.DefaultChannelPipeline$HeadContext.channelRead(DefaultChannelPipeline.java:1410) ~[netty-transport-4.1.92.Final.jar:4.1.92.Final]
	at io.netty.channel.AbstractChannelHandlerContext.invokeChannelRead(AbstractChannelHandlerContext.java:440) ~[netty-transport-4.1.92.Final.jar:4.1.92.Final]
	at io.netty.channel.AbstractChannelHandlerContext.invokeChannelRead(AbstractChannelHandlerContext.java:420) ~[netty-transport-4.1.92.Final.jar:4.1.92.Final]
	at io.netty.channel.DefaultChannelPipeline.fireChannelRead(DefaultChannelPipeline.java:919) ~[netty-transport-4.1.92.Final.jar:4.1.92.Final]
	at io.netty.channel.nio.AbstractNioMessageChannel$NioMessageUnsafe.read(AbstractNioMessageChannel.java:97) ~[netty-transport-4.1.92.Final.jar:4.1.92.Final]
	at io.netty.channel.nio.NioEventLoop.processSelectedKey(NioEventLoop.java:788) ~[netty-transport-4.1.92.Final.jar:4.1.92.Final]
	at io.netty.channel.nio.NioEventLoop.processSelectedKeysOptimized(NioEventLoop.java:724) ~[netty-transport-4.1.92.Final.jar:4.1.92.Final]
	at io.netty.channel.nio.NioEventLoop.processSelectedKeys(NioEventLoop.java:650) ~[netty-transport-4.1.92.Final.jar:4.1.92.Final]
	at io.netty.channel.nio.NioEventLoop.run(NioEventLoop.java:562) ~[netty-transport-4.1.92.Final.jar:4.1.92.Final]
	at io.netty.util.concurrent.SingleThreadEventExecutor$4.run(SingleThreadEventExecutor.java:997) ~[netty-common-4.1.92.Final.jar:4.1.92.Final]
	at io.netty.util.internal.ThreadExecutorMap$2.run(ThreadExecutorMap.java:74) ~[netty-common-4.1.92.Final.jar:4.1.92.Final]
	at io.netty.util.concurrent.FastThreadLocalRunnable.run(FastThreadLocalRunnable.java:30) ~[netty-common-4.1.92.Final.jar:4.1.92.Final]
	at java.base/java.lang.Thread.run(Unknown Source) ~[na:na]
	Suppressed: java.lang.Exception: #block terminated with an error
		at reactor.core.publisher.BlockingSingleSubscriber.blockingGet(BlockingSingleSubscriber.java:99) ~[reactor-core-3.5.6.jar:3.5.6]
		at reactor.core.publisher.Mono.block(Mono.java:1710) ~[reactor-core-3.5.6.jar:3.5.6]
		at org.springframework.boot.r2dbc.init.R2dbcScriptDatabaseInitializer.runScripts(R2dbcScriptDatabaseInitializer.java:68) ~[spring-boot-3.1.0.jar:3.1.0]
		at org.springframework.boot.sql.init.AbstractScriptDatabaseInitializer.runScripts(AbstractScriptDatabaseInitializer.java:146) ~[spring-boot-3.1.0.jar:3.1.0]
		at org.springframework.boot.sql.init.AbstractScriptDatabaseInitializer.applyScripts(AbstractScriptDatabaseInitializer.java:108) ~[spring-boot-3.1.0.jar:3.1.0]
		at org.springframework.boot.sql.init.AbstractScriptDatabaseInitializer.applySchemaScripts(AbstractScriptDatabaseInitializer.java:98) ~[spring-boot-3.1.0.jar:3.1.0]
		at org.springframework.boot.sql.init.AbstractScriptDatabaseInitializer.initializeDatabase(AbstractScriptDatabaseInitializer.java:76) ~[spring-boot-3.1.0.jar:3.1.0]
		at org.springframework.boot.sql.init.AbstractScriptDatabaseInitializer.afterPropertiesSet(AbstractScriptDatabaseInitializer.java:66) ~[spring-boot-3.1.0.jar:3.1.0]
		at org.springframework.beans.factory.support.AbstractAutowireCapableBeanFactory.invokeInitMethods(AbstractAutowireCapableBeanFactory.java:1816) ~[spring-beans-6.0.9.jar:6.0.9]
		at org.springframework.beans.factory.support.AbstractAutowireCapableBeanFactory.initializeBean(AbstractAutowireCapableBeanFactory.java:1766) ~[spring-beans-6.0.9.jar:6.0.9]
		at org.springframework.beans.factory.support.AbstractAutowireCapableBeanFactory.doCreateBean(AbstractAutowireCapableBeanFactory.java:598) ~[spring-beans-6.0.9.jar:6.0.9]
		at org.springframework.beans.factory.support.AbstractAutowireCapableBeanFactory.createBean(AbstractAutowireCapableBeanFactory.java:520) ~[spring-beans-6.0.9.jar:6.0.9]
		at org.springframework.beans.factory.support.AbstractBeanFactory.lambda$doGetBean$0(AbstractBeanFactory.java:326) ~[spring-beans-6.0.9.jar:6.0.9]
		at org.springframework.beans.factory.support.DefaultSingletonBeanRegistry.getSingleton(DefaultSingletonBeanRegistry.java:234) ~[spring-beans-6.0.9.jar:6.0.9]
		at org.springframework.beans.factory.support.AbstractBeanFactory.doGetBean(AbstractBeanFactory.java:324) ~[spring-beans-6.0.9.jar:6.0.9]
		at org.springframework.beans.factory.support.AbstractBeanFactory.getBean(AbstractBeanFactory.java:200) ~[spring-beans-6.0.9.jar:6.0.9]
		at org.springframework.beans.factory.support.DefaultListableBeanFactory.preInstantiateSingletons(DefaultListableBeanFactory.java:973) ~[spring-beans-6.0.9.jar:6.0.9]
		at org.springframework.context.support.AbstractApplicationContext.finishBeanFactoryInitialization(AbstractApplicationContext.java:941) ~[spring-context-6.0.9.jar:6.0.9]
		at org.springframework.context.support.AbstractApplicationContext.refresh(AbstractApplicationContext.java:608) ~[spring-context-6.0.9.jar:6.0.9]
		at org.springframework.boot.web.reactive.context.ReactiveWebServerApplicationContext.refresh(ReactiveWebServerApplicationContext.java:66) ~[spring-boot-3.1.0.jar:3.1.0]
		at org.springframework.boot.SpringApplication.refresh(SpringApplication.java:733) ~[spring-boot-3.1.0.jar:3.1.0]
		at org.springframework.boot.SpringApplication.refreshContext(SpringApplication.java:435) ~[spring-boot-3.1.0.jar:3.1.0]
		at org.springframework.boot.SpringApplication.run(SpringApplication.java:311) ~[spring-boot-3.1.0.jar:3.1.0]
		at org.springframework.boot.builder.SpringApplicationBuilder.run(SpringApplicationBuilder.java:150) ~[spring-boot-3.1.0.jar:3.1.0]
		at run.halo.app.Application.main(Application.java:28) ~[classes/:2.6.0]
		at java.base/jdk.internal.reflect.NativeMethodAccessorImpl.invoke0(Native Method) ~[na:na]
		at java.base/jdk.internal.reflect.NativeMethodAccessorImpl.invoke(Unknown Source) ~[na:na]
		at java.base/jdk.internal.reflect.DelegatingMethodAccessorImpl.invoke(Unknown Source) ~[na:na]
		at java.base/java.lang.reflect.Method.invoke(Unknown Source) ~[na:na]
		at org.springframework.boot.loader.MainMethodRunner.run(MainMethodRunner.java:49) ~[application/:na]
		at org.springframework.boot.loader.Launcher.launch(Launcher.java:95) ~[application/:na]
		at org.springframework.boot.loader.Launcher.launch(Launcher.java:58) ~[application/:na]
		at org.springframework.boot.loader.JarLauncher.main(JarLauncher.java:65) ~[application/:na]
Caused by: org.springframework.dao.DataAccessResourceFailureException: Failed to obtain R2DBC Connection
	at org.springframework.r2dbc.connection.ConnectionFactoryUtils.lambda$getConnection$0(ConnectionFactoryUtils.java:90) ~[spring-r2dbc-6.0.9.jar:6.0.9]
	at reactor.core.publisher.Mono.lambda$onErrorMap$28(Mono.java:3773) ~[reactor-core-3.5.6.jar:3.5.6]
	at reactor.core.publisher.FluxOnErrorResume$ResumeSubscriber.onError(FluxOnErrorResume.java:94) ~[reactor-core-3.5.6.jar:3.5.6]
	... 70 common frames omitted
Caused by: java.net.UnknownHostException: Failed to resolve 'halodb' [A(1)] after 2 queries 
	at io.netty.resolver.dns.DnsResolveContext.finishResolve(DnsResolveContext.java:1088) ~[netty-resolver-dns-4.1.92.Final.jar:4.1.92.Final]
	... 35 common frames omitted

2023-06-04T01:28:01.711+08:00  INFO 7 --- [main] run.halo.app.Application                 : Starting Application v2.6.0 using Java 17.0.7 with PID 7 (/application/BOOT-INF/classes started by root in /application)
2023-06-04T01:28:01.714+08:00  INFO 7 --- [main] run.halo.app.Application                 : No active profile set, falling back to 1 default profile: "default"
2023-06-04T01:28:03.363+08:00  INFO 7 --- [main] .s.d.r.c.RepositoryConfigurationDelegate : Multiple Spring Data modules found, entering strict repository configuration mode
2023-06-04T01:28:03.366+08:00  INFO 7 --- [main] .s.d.r.c.RepositoryConfigurationDelegate : Bootstrapping Spring Data R2DBC repositories in DEFAULT mode.
2023-06-04T01:28:03.537+08:00  INFO 7 --- [main] .s.d.r.c.RepositoryConfigurationDelegate : Finished Spring Data repository scanning in 154 ms. Found 1 R2DBC repository interfaces.
2023-06-04T01:28:05.544+08:00  INFO 7 --- [main] org.pf4j.DefaultPluginStatusProvider     : Enabled plugins: []
2023-06-04T01:28:05.546+08:00  INFO 7 --- [main] org.pf4j.DefaultPluginStatusProvider     : Disabled plugins: []
2023-06-04T01:28:05.551+08:00  INFO 7 --- [main] org.pf4j.DefaultPluginManager            : PF4J version 3.9.0 in 'deployment' mode
2023-06-04T01:28:07.285+08:00  INFO 7 --- [main] o.s.b.a.e.web.EndpointLinksResolver      : Exposing 5 endpoint(s) beneath base path '/actuator'
2023-06-04T01:28:07.874+08:00  WARN 7 --- [main] onfigReactiveWebServerApplicationContext : Exception encountered during context initialization - cancelling refresh attempt: org.springframework.beans.factory.BeanCreationException: Error creating bean with name 'r2dbcScriptDatabaseInitializer' defined in class path resource [org/springframework/boot/autoconfigure/sql/init/R2dbcInitializationConfiguration.class]: Failed to execute database script
2023-06-04T01:28:07.879+08:00  INFO 7 --- [main] r.h.a.e.c.DefaultControllerManager       : Shutting down 0 controllers...
2023-06-04T01:28:07.880+08:00  INFO 7 --- [main] r.h.a.e.c.DefaultControllerManager       : Shutdown 0 controllers.
2023-06-04T01:28:07.887+08:00  INFO 7 --- [main] r.h.a.e.controller.DefaultController     : Disposing controller garbage-collector-controller
2023-06-04T01:28:07.887+08:00  INFO 7 --- [main] r.h.a.e.controller.DefaultController     : Controller garbage-collector-controller is disposed
2023-06-04T01:28:07.920+08:00  INFO 7 --- [main] .s.b.a.l.ConditionEvaluationReportLogger : 

Error starting ApplicationContext. To display the condition evaluation report re-run your application with 'debug' enabled.
2023-06-04T01:28:07.942+08:00 ERROR 7 --- [main] o.s.boot.SpringApplication               : Application run failed

org.springframework.beans.factory.BeanCreationException: Error creating bean with name 'r2dbcScriptDatabaseInitializer' defined in class path resource [org/springframework/boot/autoconfigure/sql/init/R2dbcInitializationConfiguration.class]: Failed to execute database script
	at org.springframework.beans.factory.support.AbstractAutowireCapableBeanFactory.initializeBean(AbstractAutowireCapableBeanFactory.java:1770) ~[spring-beans-6.0.9.jar:6.0.9]
	at org.springframework.beans.factory.support.AbstractAutowireCapableBeanFactory.doCreateBean(AbstractAutowireCapableBeanFactory.java:598) ~[spring-beans-6.0.9.jar:6.0.9]
	at org.springframework.beans.factory.support.AbstractAutowireCapableBeanFactory.createBean(AbstractAutowireCapableBeanFactory.java:520) ~[spring-beans-6.0.9.jar:6.0.9]
	at org.springframework.beans.factory.support.AbstractBeanFactory.lambda$doGetBean$0(AbstractBeanFactory.java:326) ~[spring-beans-6.0.9.jar:6.0.9]
	at org.springframework.beans.factory.support.DefaultSingletonBeanRegistry.getSingleton(DefaultSingletonBeanRegistry.java:234) ~[spring-beans-6.0.9.jar:6.0.9]
	at org.springframework.beans.factory.support.AbstractBeanFactory.doGetBean(AbstractBeanFactory.java:324) ~[spring-beans-6.0.9.jar:6.0.9]
	at org.springframework.beans.factory.support.AbstractBeanFactory.getBean(AbstractBeanFactory.java:200) ~[spring-beans-6.0.9.jar:6.0.9]
	at org.springframework.beans.factory.support.DefaultListableBeanFactory.preInstantiateSingletons(DefaultListableBeanFactory.java:973) ~[spring-beans-6.0.9.jar:6.0.9]
	at org.springframework.context.support.AbstractApplicationContext.finishBeanFactoryInitialization(AbstractApplicationContext.java:941) ~[spring-context-6.0.9.jar:6.0.9]
	at org.springframework.context.support.AbstractApplicationContext.refresh(AbstractApplicationContext.java:608) ~[spring-context-6.0.9.jar:6.0.9]
	at org.springframework.boot.web.reactive.context.ReactiveWebServerApplicationContext.refresh(ReactiveWebServerApplicationContext.java:66) ~[spring-boot-3.1.0.jar:3.1.0]
	at org.springframework.boot.SpringApplication.refresh(SpringApplication.java:733) ~[spring-boot-3.1.0.jar:3.1.0]
	at org.springframework.boot.SpringApplication.refreshContext(SpringApplication.java:435) ~[spring-boot-3.1.0.jar:3.1.0]
	at org.springframework.boot.SpringApplication.run(SpringApplication.java:311) ~[spring-boot-3.1.0.jar:3.1.0]
	at org.springframework.boot.builder.SpringApplicationBuilder.run(SpringApplicationBuilder.java:150) ~[spring-boot-3.1.0.jar:3.1.0]
	at run.halo.app.Application.main(Application.java:28) ~[classes/:2.6.0]
	at java.base/jdk.internal.reflect.NativeMethodAccessorImpl.invoke0(Native Method) ~[na:na]
	at java.base/jdk.internal.reflect.NativeMethodAccessorImpl.invoke(Unknown Source) ~[na:na]
	at java.base/jdk.internal.reflect.DelegatingMethodAccessorImpl.invoke(Unknown Source) ~[na:na]
	at java.base/java.lang.reflect.Method.invoke(Unknown Source) ~[na:na]
	at org.springframework.boot.loader.MainMethodRunner.run(MainMethodRunner.java:49) ~[application/:na]
	at org.springframework.boot.loader.Launcher.launch(Launcher.java:95) ~[application/:na]
	at org.springframework.boot.loader.Launcher.launch(Launcher.java:58) ~[application/:na]
	at org.springframework.boot.loader.JarLauncher.main(JarLauncher.java:65) ~[application/:na]
Caused by: org.springframework.r2dbc.connection.init.UncategorizedScriptException: Failed to execute database script
	at org.springframework.r2dbc.connection.init.DatabasePopulator.lambda$populate$4(DatabasePopulator.java:65) ~[spring-r2dbc-6.0.9.jar:6.0.9]
	at reactor.core.publisher.Mono.lambda$onErrorMap$27(Mono.java:3759) ~[reactor-core-3.5.6.jar:3.5.6]
	at reactor.core.publisher.Mono.lambda$onErrorResume$29(Mono.java:3849) ~[reactor-core-3.5.6.jar:3.5.6]
	at reactor.core.publisher.FluxOnErrorResume$ResumeSubscriber.onError(FluxOnErrorResume.java:94) ~[reactor-core-3.5.6.jar:3.5.6]
	at reactor.core.publisher.MonoUsingWhen$ResourceSubscriber.onError(MonoUsingWhen.java:203) ~[reactor-core-3.5.6.jar:3.5.6]
	at reactor.core.publisher.FluxOnErrorResume$ResumeSubscriber.onError(FluxOnErrorResume.java:106) ~[reactor-core-3.5.6.jar:3.5.6]
	at reactor.core.publisher.Operators.error(Operators.java:198) ~[reactor-core-3.5.6.jar:3.5.6]
	at reactor.core.publisher.MonoError.subscribe(MonoError.java:53) ~[reactor-core-3.5.6.jar:3.5.6]
	at reactor.core.publisher.Mono.subscribe(Mono.java:4485) ~[reactor-core-3.5.6.jar:3.5.6]
	at reactor.core.publisher.FluxOnErrorResume$ResumeSubscriber.onError(FluxOnErrorResume.java:103) ~[reactor-core-3.5.6.jar:3.5.6]
	at reactor.core.publisher.FluxOnErrorResume$ResumeSubscriber.onError(FluxOnErrorResume.java:106) ~[reactor-core-3.5.6.jar:3.5.6]
	at reactor.core.publisher.FluxRetry$RetrySubscriber.onError(FluxRetry.java:95) ~[reactor-core-3.5.6.jar:3.5.6]
	at reactor.core.publisher.MonoFlatMap$FlatMapMain.onError(MonoFlatMap.java:180) ~[reactor-core-3.5.6.jar:3.5.6]
	at reactor.pool.AbstractPool$Borrower.fail(AbstractPool.java:475) ~[reactor-pool-1.0.0.jar:1.0.0]
	at reactor.pool.SimpleDequePool.lambda$drainLoop$9(SimpleDequePool.java:429) ~[reactor-pool-1.0.0.jar:1.0.0]
	at reactor.core.publisher.FluxDoOnEach$DoOnEachSubscriber.onError(FluxDoOnEach.java:186) ~[reactor-core-3.5.6.jar:3.5.6]
	at reactor.core.publisher.MonoFlatMap$FlatMapMain.onError(MonoFlatMap.java:180) ~[reactor-core-3.5.6.jar:3.5.6]
	at reactor.core.publisher.MonoFlatMap$FlatMapMain.onError(MonoFlatMap.java:180) ~[reactor-core-3.5.6.jar:3.5.6]
	at reactor.core.publisher.FluxMap$MapSubscriber.onError(FluxMap.java:134) ~[reactor-core-3.5.6.jar:3.5.6]
	at reactor.core.publisher.MonoCreate$DefaultMonoSink.error(MonoCreate.java:201) ~[reactor-core-3.5.6.jar:3.5.6]
	at reactor.netty.resources.NewConnectionProvider$DisposableConnect.onError(NewConnectionProvider.java:154) ~[reactor-netty-core-1.1.7.jar:1.1.7]
	at reactor.core.publisher.MonoFlatMap$FlatMapMain.secondError(MonoFlatMap.java:241) ~[reactor-core-3.5.6.jar:3.5.6]
	at reactor.core.publisher.MonoFlatMap$FlatMapInner.onError(MonoFlatMap.java:315) ~[reactor-core-3.5.6.jar:3.5.6]
	at reactor.core.publisher.FluxOnErrorResume$ResumeSubscriber.onError(FluxOnErrorResume.java:106) ~[reactor-core-3.5.6.jar:3.5.6]
	at reactor.core.publisher.Operators.error(Operators.java:198) ~[reactor-core-3.5.6.jar:3.5.6]
	at reactor.core.publisher.MonoError.subscribe(MonoError.java:53) ~[reactor-core-3.5.6.jar:3.5.6]
	at reactor.core.publisher.Mono.subscribe(Mono.java:4485) ~[reactor-core-3.5.6.jar:3.5.6]
	at reactor.core.publisher.FluxOnErrorResume$ResumeSubscriber.onError(FluxOnErrorResume.java:103) ~[reactor-core-3.5.6.jar:3.5.6]
	at reactor.netty.transport.TransportConnector$MonoChannelPromise.tryFailure(TransportConnector.java:587) ~[reactor-netty-core-1.1.7.jar:1.1.7]
	at reactor.netty.transport.TransportConnector.lambda$doResolveAndConnect$11(TransportConnector.java:394) ~[reactor-netty-core-1.1.7.jar:1.1.7]
	at io.netty.util.concurrent.DefaultPromise.notifyListener0(DefaultPromise.java:590) ~[netty-common-4.1.92.Final.jar:4.1.92.Final]
	at io.netty.util.concurrent.DefaultPromise.notifyListenersNow(DefaultPromise.java:557) ~[netty-common-4.1.92.Final.jar:4.1.92.Final]
	at io.netty.util.concurrent.DefaultPromise.notifyListeners(DefaultPromise.java:492) ~[netty-common-4.1.92.Final.jar:4.1.92.Final]
	at io.netty.util.concurrent.DefaultPromise.setValue0(DefaultPromise.java:636) ~[netty-common-4.1.92.Final.jar:4.1.92.Final]
	at io.netty.util.concurrent.DefaultPromise.setFailure0(DefaultPromise.java:629) ~[netty-common-4.1.92.Final.jar:4.1.92.Final]
	at io.netty.util.concurrent.DefaultPromise.setFailure(DefaultPromise.java:110) ~[netty-common-4.1.92.Final.jar:4.1.92.Final]
	at io.netty.resolver.InetSocketAddressResolver$2.operationComplete(InetSocketAddressResolver.java:86) ~[netty-resolver-4.1.92.Final.jar:4.1.92.Final]
	at io.netty.util.concurrent.DefaultPromise.notifyListener0(DefaultPromise.java:590) ~[netty-common-4.1.92.Final.jar:4.1.92.Final]
	at io.netty.util.concurrent.DefaultPromise.notifyListeners0(DefaultPromise.java:583) ~[netty-common-4.1.92.Final.jar:4.1.92.Final]
	at io.netty.util.concurrent.DefaultPromise.notifyListenersNow(DefaultPromise.java:559) ~[netty-common-4.1.92.Final.jar:4.1.92.Final]
	at io.netty.util.concurrent.DefaultPromise.notifyListeners(DefaultPromise.java:492) ~[netty-common-4.1.92.Final.jar:4.1.92.Final]
	at io.netty.util.concurrent.DefaultPromise.setValue0(DefaultPromise.java:636) ~[netty-common-4.1.92.Final.jar:4.1.92.Final]
	at io.netty.util.concurrent.DefaultPromise.setFailure0(DefaultPromise.java:629) ~[netty-common-4.1.92.Final.jar:4.1.92.Final]
	at io.netty.util.concurrent.DefaultPromise.tryFailure(DefaultPromise.java:118) ~[netty-common-4.1.92.Final.jar:4.1.92.Final]
	at io.netty.resolver.dns.DnsResolveContext.finishResolve(DnsResolveContext.java:1096) ~[netty-resolver-dns-4.1.92.Final.jar:4.1.92.Final]
	at io.netty.resolver.dns.DnsResolveContext.tryToFinishResolve(DnsResolveContext.java:1035) ~[netty-resolver-dns-4.1.92.Final.jar:4.1.92.Final]
	at io.netty.resolver.dns.DnsResolveContext.query(DnsResolveContext.java:422) ~[netty-resolver-dns-4.1.92.Final.jar:4.1.92.Final]
	at io.netty.resolver.dns.DnsResolveContext.onResponse(DnsResolveContext.java:655) ~[netty-resolver-dns-4.1.92.Final.jar:4.1.92.Final]
	at io.netty.resolver.dns.DnsResolveContext.access$500(DnsResolveContext.java:66) ~[netty-resolver-dns-4.1.92.Final.jar:4.1.92.Final]
	at io.netty.resolver.dns.DnsResolveContext$2.operationComplete(DnsResolveContext.java:482) ~[netty-resolver-dns-4.1.92.Final.jar:4.1.92.Final]
	at io.netty.util.concurrent.DefaultPromise.notifyListener0(DefaultPromise.java:590) ~[netty-common-4.1.92.Final.jar:4.1.92.Final]
	at io.netty.util.concurrent.DefaultPromise.notifyListeners0(DefaultPromise.java:583) ~[netty-common-4.1.92.Final.jar:4.1.92.Final]
	at io.netty.util.concurrent.DefaultPromise.notifyListenersNow(DefaultPromise.java:559) ~[netty-common-4.1.92.Final.jar:4.1.92.Final]
	at io.netty.util.concurrent.DefaultPromise.notifyListeners(DefaultPromise.java:492) ~[netty-common-4.1.92.Final.jar:4.1.92.Final]
	at io.netty.util.concurrent.DefaultPromise.setValue0(DefaultPromise.java:636) ~[netty-common-4.1.92.Final.jar:4.1.92.Final]
	at io.netty.util.concurrent.DefaultPromise.setSuccess0(DefaultPromise.java:625) ~[netty-common-4.1.92.Final.jar:4.1.92.Final]
	at io.netty.util.concurrent.DefaultPromise.trySuccess(DefaultPromise.java:105) ~[netty-common-4.1.92.Final.jar:4.1.92.Final]
	at io.netty.resolver.dns.DnsQueryContext.trySuccess(DnsQueryContext.java:232) ~[netty-resolver-dns-4.1.92.Final.jar:4.1.92.Final]
	at io.netty.resolver.dns.DnsQueryContext.finish(DnsQueryContext.java:224) ~[netty-resolver-dns-4.1.92.Final.jar:4.1.92.Final]
	at io.netty.resolver.dns.DnsNameResolver$DnsResponseHandler.channelRead(DnsNameResolver.java:1364) ~[netty-resolver-dns-4.1.92.Final.jar:4.1.92.Final]
	at io.netty.channel.AbstractChannelHandlerContext.invokeChannelRead(AbstractChannelHandlerContext.java:444) ~[netty-transport-4.1.92.Final.jar:4.1.92.Final]
	at io.netty.channel.AbstractChannelHandlerContext.invokeChannelRead(AbstractChannelHandlerContext.java:420) ~[netty-transport-4.1.92.Final.jar:4.1.92.Final]
	at io.netty.channel.AbstractChannelHandlerContext.fireChannelRead(AbstractChannelHandlerContext.java:412) ~[netty-transport-4.1.92.Final.jar:4.1.92.Final]
	at io.netty.handler.codec.MessageToMessageDecoder.channelRead(MessageToMessageDecoder.java:103) ~[netty-codec-4.1.92.Final.jar:4.1.92.Final]
	at io.netty.channel.AbstractChannelHandlerContext.invokeChannelRead(AbstractChannelHandlerContext.java:444) ~[netty-transport-4.1.92.Final.jar:4.1.92.Final]
	at io.netty.channel.AbstractChannelHandlerContext.invokeChannelRead(AbstractChannelHandlerContext.java:420) ~[netty-transport-4.1.92.Final.jar:4.1.92.Final]
	at io.netty.channel.AbstractChannelHandlerContext.fireChannelRead(AbstractChannelHandlerContext.java:412) ~[netty-transport-4.1.92.Final.jar:4.1.92.Final]
	at io.netty.channel.DefaultChannelPipeline$HeadContext.channelRead(DefaultChannelPipeline.java:1410) ~[netty-transport-4.1.92.Final.jar:4.1.92.Final]
	at io.netty.channel.AbstractChannelHandlerContext.invokeChannelRead(AbstractChannelHandlerContext.java:440) ~[netty-transport-4.1.92.Final.jar:4.1.92.Final]
	at io.netty.channel.AbstractChannelHandlerContext.invokeChannelRead(AbstractChannelHandlerContext.java:420) ~[netty-transport-4.1.92.Final.jar:4.1.92.Final]
	at io.netty.channel.DefaultChannelPipeline.fireChannelRead(DefaultChannelPipeline.java:919) ~[netty-transport-4.1.92.Final.jar:4.1.92.Final]
	at io.netty.channel.nio.AbstractNioMessageChannel$NioMessageUnsafe.read(AbstractNioMessageChannel.java:97) ~[netty-transport-4.1.92.Final.jar:4.1.92.Final]
	at io.netty.channel.nio.NioEventLoop.processSelectedKey(NioEventLoop.java:788) ~[netty-transport-4.1.92.Final.jar:4.1.92.Final]
	at io.netty.channel.nio.NioEventLoop.processSelectedKeysOptimized(NioEventLoop.java:724) ~[netty-transport-4.1.92.Final.jar:4.1.92.Final]
	at io.netty.channel.nio.NioEventLoop.processSelectedKeys(NioEventLoop.java:650) ~[netty-transport-4.1.92.Final.jar:4.1.92.Final]
	at io.netty.channel.nio.NioEventLoop.run(NioEventLoop.java:562) ~[netty-transport-4.1.92.Final.jar:4.1.92.Final]
	at io.netty.util.concurrent.SingleThreadEventExecutor$4.run(SingleThreadEventExecutor.java:997) ~[netty-common-4.1.92.Final.jar:4.1.92.Final]
	at io.netty.util.internal.ThreadExecutorMap$2.run(ThreadExecutorMap.java:74) ~[netty-common-4.1.92.Final.jar:4.1.92.Final]
	at io.netty.util.concurrent.FastThreadLocalRunnable.run(FastThreadLocalRunnable.java:30) ~[netty-common-4.1.92.Final.jar:4.1.92.Final]
	at java.base/java.lang.Thread.run(Unknown Source) ~[na:na]
	Suppressed: java.lang.Exception: #block terminated with an error
		at reactor.core.publisher.BlockingSingleSubscriber.blockingGet(BlockingSingleSubscriber.java:99) ~[reactor-core-3.5.6.jar:3.5.6]
		at reactor.core.publisher.Mono.block(Mono.java:1710) ~[reactor-core-3.5.6.jar:3.5.6]
		at org.springframework.boot.r2dbc.init.R2dbcScriptDatabaseInitializer.runScripts(R2dbcScriptDatabaseInitializer.java:68) ~[spring-boot-3.1.0.jar:3.1.0]
		at org.springframework.boot.sql.init.AbstractScriptDatabaseInitializer.runScripts(AbstractScriptDatabaseInitializer.java:146) ~[spring-boot-3.1.0.jar:3.1.0]
		at org.springframework.boot.sql.init.AbstractScriptDatabaseInitializer.applyScripts(AbstractScriptDatabaseInitializer.java:108) ~[spring-boot-3.1.0.jar:3.1.0]
		at org.springframework.boot.sql.init.AbstractScriptDatabaseInitializer.applySchemaScripts(AbstractScriptDatabaseInitializer.java:98) ~[spring-boot-3.1.0.jar:3.1.0]
		at org.springframework.boot.sql.init.AbstractScriptDatabaseInitializer.initializeDatabase(AbstractScriptDatabaseInitializer.java:76) ~[spring-boot-3.1.0.jar:3.1.0]
		at org.springframework.boot.sql.init.AbstractScriptDatabaseInitializer.afterPropertiesSet(AbstractScriptDatabaseInitializer.java:66) ~[spring-boot-3.1.0.jar:3.1.0]
		at org.springframework.beans.factory.support.AbstractAutowireCapableBeanFactory.invokeInitMethods(AbstractAutowireCapableBeanFactory.java:1816) ~[spring-beans-6.0.9.jar:6.0.9]
		at org.springframework.beans.factory.support.AbstractAutowireCapableBeanFactory.initializeBean(AbstractAutowireCapableBeanFactory.java:1766) ~[spring-beans-6.0.9.jar:6.0.9]
		at org.springframework.beans.factory.support.AbstractAutowireCapableBeanFactory.doCreateBean(AbstractAutowireCapableBeanFactory.java:598) ~[spring-beans-6.0.9.jar:6.0.9]
		at org.springframework.beans.factory.support.AbstractAutowireCapableBeanFactory.createBean(AbstractAutowireCapableBeanFactory.java:520) ~[spring-beans-6.0.9.jar:6.0.9]
		at org.springframework.beans.factory.support.AbstractBeanFactory.lambda$doGetBean$0(AbstractBeanFactory.java:326) ~[spring-beans-6.0.9.jar:6.0.9]
		at org.springframework.beans.factory.support.DefaultSingletonBeanRegistry.getSingleton(DefaultSingletonBeanRegistry.java:234) ~[spring-beans-6.0.9.jar:6.0.9]
		at org.springframework.beans.factory.support.AbstractBeanFactory.doGetBean(AbstractBeanFactory.java:324) ~[spring-beans-6.0.9.jar:6.0.9]
		at org.springframework.beans.factory.support.AbstractBeanFactory.getBean(AbstractBeanFactory.java:200) ~[spring-beans-6.0.9.jar:6.0.9]
		at org.springframework.beans.factory.support.DefaultListableBeanFactory.preInstantiateSingletons(DefaultListableBeanFactory.java:973) ~[spring-beans-6.0.9.jar:6.0.9]
		at org.springframework.context.support.AbstractApplicationContext.finishBeanFactoryInitialization(AbstractApplicationContext.java:941) ~[spring-context-6.0.9.jar:6.0.9]
		at org.springframework.context.support.AbstractApplicationContext.refresh(AbstractApplicationContext.java:608) ~[spring-context-6.0.9.jar:6.0.9]
		at org.springframework.boot.web.reactive.context.ReactiveWebServerApplicationContext.refresh(ReactiveWebServerApplicationContext.java:66) ~[spring-boot-3.1.0.jar:3.1.0]
		at org.springframework.boot.SpringApplication.refresh(SpringApplication.java:733) ~[spring-boot-3.1.0.jar:3.1.0]
		at org.springframework.boot.SpringApplication.refreshContext(SpringApplication.java:435) ~[spring-boot-3.1.0.jar:3.1.0]
		at org.springframework.boot.SpringApplication.run(SpringApplication.java:311) ~[spring-boot-3.1.0.jar:3.1.0]
		at org.springframework.boot.builder.SpringApplicationBuilder.run(SpringApplicationBuilder.java:150) ~[spring-boot-3.1.0.jar:3.1.0]
		at run.halo.app.Application.main(Application.java:28) ~[classes/:2.6.0]
		at java.base/jdk.internal.reflect.NativeMethodAccessorImpl.invoke0(Native Method) ~[na:na]
		at java.base/jdk.internal.reflect.NativeMethodAccessorImpl.invoke(Unknown Source) ~[na:na]
		at java.base/jdk.internal.reflect.DelegatingMethodAccessorImpl.invoke(Unknown Source) ~[na:na]
		at java.base/java.lang.reflect.Method.invoke(Unknown Source) ~[na:na]
		at org.springframework.boot.loader.MainMethodRunner.run(MainMethodRunner.java:49) ~[application/:na]
		at org.springframework.boot.loader.Launcher.launch(Launcher.java:95) ~[application/:na]
		at org.springframework.boot.loader.Launcher.launch(Launcher.java:58) ~[application/:na]
		at org.springframework.boot.loader.JarLauncher.main(JarLauncher.java:65) ~[application/:na]
Caused by: org.springframework.dao.DataAccessResourceFailureException: Failed to obtain R2DBC Connection
	at org.springframework.r2dbc.connection.ConnectionFactoryUtils.lambda$getConnection$0(ConnectionFactoryUtils.java:90) ~[spring-r2dbc-6.0.9.jar:6.0.9]
	at reactor.core.publisher.Mono.lambda$onErrorMap$28(Mono.java:3773) ~[reactor-core-3.5.6.jar:3.5.6]
	at reactor.core.publisher.FluxOnErrorResume$ResumeSubscriber.onError(FluxOnErrorResume.java:94) ~[reactor-core-3.5.6.jar:3.5.6]
	... 70 common frames omitted
Caused by: java.net.UnknownHostException: Failed to resolve 'halodb' [A(1)] after 2 queries 
	at io.netty.resolver.dns.DnsResolveContext.finishResolve(DnsResolveContext.java:1088) ~[netty-resolver-dns-4.1.92.Final.jar:4.1.92.Final]
	... 35 common frames omitted

2023-06-04T01:28:09.947+08:00  INFO 7 --- [main] run.halo.app.Application                 : Starting Application v2.6.0 using Java 17.0.7 with PID 7 (/application/BOOT-INF/classes started by root in /application)
2023-06-04T01:28:09.963+08:00  INFO 7 --- [main] run.halo.app.Application                 : No active profile set, falling back to 1 default profile: "default"
2023-06-04T01:28:11.847+08:00  INFO 7 --- [main] .s.d.r.c.RepositoryConfigurationDelegate : Multiple Spring Data modules found, entering strict repository configuration mode
2023-06-04T01:28:11.849+08:00  INFO 7 --- [main] .s.d.r.c.RepositoryConfigurationDelegate : Bootstrapping Spring Data R2DBC repositories in DEFAULT mode.
2023-06-04T01:28:12.042+08:00  INFO 7 --- [main] .s.d.r.c.RepositoryConfigurationDelegate : Finished Spring Data repository scanning in 175 ms. Found 1 R2DBC repository interfaces.
2023-06-04T01:28:13.751+08:00  INFO 7 --- [main] org.pf4j.DefaultPluginStatusProvider     : Enabled plugins: []
2023-06-04T01:28:13.754+08:00  INFO 7 --- [main] org.pf4j.DefaultPluginStatusProvider     : Disabled plugins: []
2023-06-04T01:28:13.759+08:00  INFO 7 --- [main] org.pf4j.DefaultPluginManager            : PF4J version 3.9.0 in 'deployment' mode
2023-06-04T01:28:15.742+08:00  INFO 7 --- [main] o.s.b.a.e.web.EndpointLinksResolver      : Exposing 5 endpoint(s) beneath base path '/actuator'
2023-06-04T01:28:16.230+08:00  WARN 7 --- [main] onfigReactiveWebServerApplicationContext : Exception encountered during context initialization - cancelling refresh attempt: org.springframework.beans.factory.BeanCreationException: Error creating bean with name 'r2dbcScriptDatabaseInitializer' defined in class path resource [org/springframework/boot/autoconfigure/sql/init/R2dbcInitializationConfiguration.class]: Failed to execute database script
2023-06-04T01:28:16.234+08:00  INFO 7 --- [main] r.h.a.e.c.DefaultControllerManager       : Shutting down 0 controllers...
2023-06-04T01:28:16.235+08:00  INFO 7 --- [main] r.h.a.e.c.DefaultControllerManager       : Shutdown 0 controllers.
2023-06-04T01:28:16.236+08:00  INFO 7 --- [main] r.h.a.e.controller.DefaultController     : Disposing controller garbage-collector-controller
2023-06-04T01:28:16.237+08:00  INFO 7 --- [main] r.h.a.e.controller.DefaultController     : Controller garbage-collector-controller is disposed
2023-06-04T01:28:16.264+08:00  INFO 7 --- [main] .s.b.a.l.ConditionEvaluationReportLogger : 

Error starting ApplicationContext. To display the condition evaluation report re-run your application with 'debug' enabled.
2023-06-04T01:28:16.285+08:00 ERROR 7 --- [main] o.s.boot.SpringApplication               : Application run failed

org.springframework.beans.factory.BeanCreationException: Error creating bean with name 'r2dbcScriptDatabaseInitializer' defined in class path resource [org/springframework/boot/autoconfigure/sql/init/R2dbcInitializationConfiguration.class]: Failed to execute database script
	at org.springframework.beans.factory.support.AbstractAutowireCapableBeanFactory.initializeBean(AbstractAutowireCapableBeanFactory.java:1770) ~[spring-beans-6.0.9.jar:6.0.9]
	at org.springframework.beans.factory.support.AbstractAutowireCapableBeanFactory.doCreateBean(AbstractAutowireCapableBeanFactory.java:598) ~[spring-beans-6.0.9.jar:6.0.9]
	at org.springframework.beans.factory.support.AbstractAutowireCapableBeanFactory.createBean(AbstractAutowireCapableBeanFactory.java:520) ~[spring-beans-6.0.9.jar:6.0.9]
	at org.springframework.beans.factory.support.AbstractBeanFactory.lambda$doGetBean$0(AbstractBeanFactory.java:326) ~[spring-beans-6.0.9.jar:6.0.9]
	at org.springframework.beans.factory.support.DefaultSingletonBeanRegistry.getSingleton(DefaultSingletonBeanRegistry.java:234) ~[spring-beans-6.0.9.jar:6.0.9]
	at org.springframework.beans.factory.support.AbstractBeanFactory.doGetBean(AbstractBeanFactory.java:324) ~[spring-beans-6.0.9.jar:6.0.9]
	at org.springframework.beans.factory.support.AbstractBeanFactory.getBean(AbstractBeanFactory.java:200) ~[spring-beans-6.0.9.jar:6.0.9]
	at org.springframework.beans.factory.support.DefaultListableBeanFactory.preInstantiateSingletons(DefaultListableBeanFactory.java:973) ~[spring-beans-6.0.9.jar:6.0.9]
	at org.springframework.context.support.AbstractApplicationContext.finishBeanFactoryInitialization(AbstractApplicationContext.java:941) ~[spring-context-6.0.9.jar:6.0.9]
	at org.springframework.context.support.AbstractApplicationContext.refresh(AbstractApplicationContext.java:608) ~[spring-context-6.0.9.jar:6.0.9]
	at org.springframework.boot.web.reactive.context.ReactiveWebServerApplicationContext.refresh(ReactiveWebServerApplicationContext.java:66) ~[spring-boot-3.1.0.jar:3.1.0]
	at org.springframework.boot.SpringApplication.refresh(SpringApplication.java:733) ~[spring-boot-3.1.0.jar:3.1.0]
	at org.springframework.boot.SpringApplication.refreshContext(SpringApplication.java:435) ~[spring-boot-3.1.0.jar:3.1.0]
	at org.springframework.boot.SpringApplication.run(SpringApplication.java:311) ~[spring-boot-3.1.0.jar:3.1.0]
	at org.springframework.boot.builder.SpringApplicationBuilder.run(SpringApplicationBuilder.java:150) ~[spring-boot-3.1.0.jar:3.1.0]
	at run.halo.app.Application.main(Application.java:28) ~[classes/:2.6.0]
	at java.base/jdk.internal.reflect.NativeMethodAccessorImpl.invoke0(Native Method) ~[na:na]
	at java.base/jdk.internal.reflect.NativeMethodAccessorImpl.invoke(Unknown Source) ~[na:na]
	at java.base/jdk.internal.reflect.DelegatingMethodAccessorImpl.invoke(Unknown Source) ~[na:na]
	at java.base/java.lang.reflect.Method.invoke(Unknown Source) ~[na:na]
	at org.springframework.boot.loader.MainMethodRunner.run(MainMethodRunner.java:49) ~[application/:na]
	at org.springframework.boot.loader.Launcher.launch(Launcher.java:95) ~[application/:na]
	at org.springframework.boot.loader.Launcher.launch(Launcher.java:58) ~[application/:na]
	at org.springframework.boot.loader.JarLauncher.main(JarLauncher.java:65) ~[application/:na]
Caused by: org.springframework.r2dbc.connection.init.UncategorizedScriptException: Failed to execute database script
	at org.springframework.r2dbc.connection.init.DatabasePopulator.lambda$populate$4(DatabasePopulator.java:65) ~[spring-r2dbc-6.0.9.jar:6.0.9]
	at reactor.core.publisher.Mono.lambda$onErrorMap$27(Mono.java:3759) ~[reactor-core-3.5.6.jar:3.5.6]
	at reactor.core.publisher.Mono.lambda$onErrorResume$29(Mono.java:3849) ~[reactor-core-3.5.6.jar:3.5.6]
	at reactor.core.publisher.FluxOnErrorResume$ResumeSubscriber.onError(FluxOnErrorResume.java:94) ~[reactor-core-3.5.6.jar:3.5.6]
	at reactor.core.publisher.MonoUsingWhen$ResourceSubscriber.onError(MonoUsingWhen.java:203) ~[reactor-core-3.5.6.jar:3.5.6]
	at reactor.core.publisher.FluxOnErrorResume$ResumeSubscriber.onError(FluxOnErrorResume.java:106) ~[reactor-core-3.5.6.jar:3.5.6]
	at reactor.core.publisher.Operators.error(Operators.java:198) ~[reactor-core-3.5.6.jar:3.5.6]
	at reactor.core.publisher.MonoError.subscribe(MonoError.java:53) ~[reactor-core-3.5.6.jar:3.5.6]
	at reactor.core.publisher.Mono.subscribe(Mono.java:4485) ~[reactor-core-3.5.6.jar:3.5.6]
	at reactor.core.publisher.FluxOnErrorResume$ResumeSubscriber.onError(FluxOnErrorResume.java:103) ~[reactor-core-3.5.6.jar:3.5.6]
	at reactor.core.publisher.FluxOnErrorResume$ResumeSubscriber.onError(FluxOnErrorResume.java:106) ~[reactor-core-3.5.6.jar:3.5.6]
	at reactor.core.publisher.FluxRetry$RetrySubscriber.onError(FluxRetry.java:95) ~[reactor-core-3.5.6.jar:3.5.6]
	at reactor.core.publisher.MonoFlatMap$FlatMapMain.onError(MonoFlatMap.java:180) ~[reactor-core-3.5.6.jar:3.5.6]
	at reactor.pool.AbstractPool$Borrower.fail(AbstractPool.java:475) ~[reactor-pool-1.0.0.jar:1.0.0]
	at reactor.pool.SimpleDequePool.lambda$drainLoop$9(SimpleDequePool.java:429) ~[reactor-pool-1.0.0.jar:1.0.0]
	at reactor.core.publisher.FluxDoOnEach$DoOnEachSubscriber.onError(FluxDoOnEach.java:186) ~[reactor-core-3.5.6.jar:3.5.6]
	at reactor.core.publisher.MonoFlatMap$FlatMapMain.onError(MonoFlatMap.java:180) ~[reactor-core-3.5.6.jar:3.5.6]
	at reactor.core.publisher.MonoFlatMap$FlatMapMain.onError(MonoFlatMap.java:180) ~[reactor-core-3.5.6.jar:3.5.6]
	at reactor.core.publisher.FluxMap$MapSubscriber.onError(FluxMap.java:134) ~[reactor-core-3.5.6.jar:3.5.6]
	at reactor.core.publisher.MonoCreate$DefaultMonoSink.error(MonoCreate.java:201) ~[reactor-core-3.5.6.jar:3.5.6]
	at reactor.netty.resources.NewConnectionProvider$DisposableConnect.onError(NewConnectionProvider.java:154) ~[reactor-netty-core-1.1.7.jar:1.1.7]
	at reactor.core.publisher.MonoFlatMap$FlatMapMain.secondError(MonoFlatMap.java:241) ~[reactor-core-3.5.6.jar:3.5.6]
	at reactor.core.publisher.MonoFlatMap$FlatMapInner.onError(MonoFlatMap.java:315) ~[reactor-core-3.5.6.jar:3.5.6]
	at reactor.core.publisher.FluxOnErrorResume$ResumeSubscriber.onError(FluxOnErrorResume.java:106) ~[reactor-core-3.5.6.jar:3.5.6]
	at reactor.core.publisher.Operators.error(Operators.java:198) ~[reactor-core-3.5.6.jar:3.5.6]
	at reactor.core.publisher.MonoError.subscribe(MonoError.java:53) ~[reactor-core-3.5.6.jar:3.5.6]
	at reactor.core.publisher.Mono.subscribe(Mono.java:4485) ~[reactor-core-3.5.6.jar:3.5.6]
	at reactor.core.publisher.FluxOnErrorResume$ResumeSubscriber.onError(FluxOnErrorResume.java:103) ~[reactor-core-3.5.6.jar:3.5.6]
	at reactor.netty.transport.TransportConnector$MonoChannelPromise.tryFailure(TransportConnector.java:587) ~[reactor-netty-core-1.1.7.jar:1.1.7]
	at reactor.netty.transport.TransportConnector.lambda$doResolveAndConnect$11(TransportConnector.java:394) ~[reactor-netty-core-1.1.7.jar:1.1.7]
	at io.netty.util.concurrent.DefaultPromise.notifyListener0(DefaultPromise.java:590) ~[netty-common-4.1.92.Final.jar:4.1.92.Final]
	at io.netty.util.concurrent.DefaultPromise.notifyListenersNow(DefaultPromise.java:557) ~[netty-common-4.1.92.Final.jar:4.1.92.Final]
	at io.netty.util.concurrent.DefaultPromise.notifyListeners(DefaultPromise.java:492) ~[netty-common-4.1.92.Final.jar:4.1.92.Final]
	at io.netty.util.concurrent.DefaultPromise.setValue0(DefaultPromise.java:636) ~[netty-common-4.1.92.Final.jar:4.1.92.Final]
	at io.netty.util.concurrent.DefaultPromise.setFailure0(DefaultPromise.java:629) ~[netty-common-4.1.92.Final.jar:4.1.92.Final]
	at io.netty.util.concurrent.DefaultPromise.setFailure(DefaultPromise.java:110) ~[netty-common-4.1.92.Final.jar:4.1.92.Final]
	at io.netty.resolver.InetSocketAddressResolver$2.operationComplete(InetSocketAddressResolver.java:86) ~[netty-resolver-4.1.92.Final.jar:4.1.92.Final]
	at io.netty.util.concurrent.DefaultPromise.notifyListener0(DefaultPromise.java:590) ~[netty-common-4.1.92.Final.jar:4.1.92.Final]
	at io.netty.util.concurrent.DefaultPromise.notifyListeners0(DefaultPromise.java:583) ~[netty-common-4.1.92.Final.jar:4.1.92.Final]
	at io.netty.util.concurrent.DefaultPromise.notifyListenersNow(DefaultPromise.java:559) ~[netty-common-4.1.92.Final.jar:4.1.92.Final]
	at io.netty.util.concurrent.DefaultPromise.notifyListeners(DefaultPromise.java:492) ~[netty-common-4.1.92.Final.jar:4.1.92.Final]
	at io.netty.util.concurrent.DefaultPromise.setValue0(DefaultPromise.java:636) ~[netty-common-4.1.92.Final.jar:4.1.92.Final]
	at io.netty.util.concurrent.DefaultPromise.setFailure0(DefaultPromise.java:629) ~[netty-common-4.1.92.Final.jar:4.1.92.Final]
	at io.netty.util.concurrent.DefaultPromise.tryFailure(DefaultPromise.java:118) ~[netty-common-4.1.92.Final.jar:4.1.92.Final]
	at io.netty.resolver.dns.DnsResolveContext.finishResolve(DnsResolveContext.java:1096) ~[netty-resolver-dns-4.1.92.Final.jar:4.1.92.Final]
	at io.netty.resolver.dns.DnsResolveContext.tryToFinishResolve(DnsResolveContext.java:1035) ~[netty-resolver-dns-4.1.92.Final.jar:4.1.92.Final]
	at io.netty.resolver.dns.DnsResolveContext.query(DnsResolveContext.java:422) ~[netty-resolver-dns-4.1.92.Final.jar:4.1.92.Final]
	at io.netty.resolver.dns.DnsResolveContext.onResponse(DnsResolveContext.java:655) ~[netty-resolver-dns-4.1.92.Final.jar:4.1.92.Final]
	at io.netty.resolver.dns.DnsResolveContext.access$500(DnsResolveContext.java:66) ~[netty-resolver-dns-4.1.92.Final.jar:4.1.92.Final]
	at io.netty.resolver.dns.DnsResolveContext$2.operationComplete(DnsResolveContext.java:482) ~[netty-resolver-dns-4.1.92.Final.jar:4.1.92.Final]
	at io.netty.util.concurrent.DefaultPromise.notifyListener0(DefaultPromise.java:590) ~[netty-common-4.1.92.Final.jar:4.1.92.Final]
	at io.netty.util.concurrent.DefaultPromise.notifyListeners0(DefaultPromise.java:583) ~[netty-common-4.1.92.Final.jar:4.1.92.Final]
	at io.netty.util.concurrent.DefaultPromise.notifyListenersNow(DefaultPromise.java:559) ~[netty-common-4.1.92.Final.jar:4.1.92.Final]
	at io.netty.util.concurrent.DefaultPromise.notifyListeners(DefaultPromise.java:492) ~[netty-common-4.1.92.Final.jar:4.1.92.Final]
	at io.netty.util.concurrent.DefaultPromise.setValue0(DefaultPromise.java:636) ~[netty-common-4.1.92.Final.jar:4.1.92.Final]
	at io.netty.util.concurrent.DefaultPromise.setSuccess0(DefaultPromise.java:625) ~[netty-common-4.1.92.Final.jar:4.1.92.Final]
	at io.netty.util.concurrent.DefaultPromise.trySuccess(DefaultPromise.java:105) ~[netty-common-4.1.92.Final.jar:4.1.92.Final]
	at io.netty.resolver.dns.DnsQueryContext.trySuccess(DnsQueryContext.java:232) ~[netty-resolver-dns-4.1.92.Final.jar:4.1.92.Final]
	at io.netty.resolver.dns.DnsQueryContext.finish(DnsQueryContext.java:224) ~[netty-resolver-dns-4.1.92.Final.jar:4.1.92.Final]
	at io.netty.resolver.dns.DnsNameResolver$DnsResponseHandler.channelRead(DnsNameResolver.java:1364) ~[netty-resolver-dns-4.1.92.Final.jar:4.1.92.Final]
	at io.netty.channel.AbstractChannelHandlerContext.invokeChannelRead(AbstractChannelHandlerContext.java:444) ~[netty-transport-4.1.92.Final.jar:4.1.92.Final]
	at io.netty.channel.AbstractChannelHandlerContext.invokeChannelRead(AbstractChannelHandlerContext.java:420) ~[netty-transport-4.1.92.Final.jar:4.1.92.Final]
	at io.netty.channel.AbstractChannelHandlerContext.fireChannelRead(AbstractChannelHandlerContext.java:412) ~[netty-transport-4.1.92.Final.jar:4.1.92.Final]
	at io.netty.handler.codec.MessageToMessageDecoder.channelRead(MessageToMessageDecoder.java:103) ~[netty-codec-4.1.92.Final.jar:4.1.92.Final]
	at io.netty.channel.AbstractChannelHandlerContext.invokeChannelRead(AbstractChannelHandlerContext.java:444) ~[netty-transport-4.1.92.Final.jar:4.1.92.Final]
	at io.netty.channel.AbstractChannelHandlerContext.invokeChannelRead(AbstractChannelHandlerContext.java:420) ~[netty-transport-4.1.92.Final.jar:4.1.92.Final]
	at io.netty.channel.AbstractChannelHandlerContext.fireChannelRead(AbstractChannelHandlerContext.java:412) ~[netty-transport-4.1.92.Final.jar:4.1.92.Final]
	at io.netty.channel.DefaultChannelPipeline$HeadContext.channelRead(DefaultChannelPipeline.java:1410) ~[netty-transport-4.1.92.Final.jar:4.1.92.Final]
	at io.netty.channel.AbstractChannelHandlerContext.invokeChannelRead(AbstractChannelHandlerContext.java:440) ~[netty-transport-4.1.92.Final.jar:4.1.92.Final]
	at io.netty.channel.AbstractChannelHandlerContext.invokeChannelRead(AbstractChannelHandlerContext.java:420) ~[netty-transport-4.1.92.Final.jar:4.1.92.Final]
	at io.netty.channel.DefaultChannelPipeline.fireChannelRead(DefaultChannelPipeline.java:919) ~[netty-transport-4.1.92.Final.jar:4.1.92.Final]
	at io.netty.channel.nio.AbstractNioMessageChannel$NioMessageUnsafe.read(AbstractNioMessageChannel.java:97) ~[netty-transport-4.1.92.Final.jar:4.1.92.Final]
	at io.netty.channel.nio.NioEventLoop.processSelectedKey(NioEventLoop.java:788) ~[netty-transport-4.1.92.Final.jar:4.1.92.Final]
	at io.netty.channel.nio.NioEventLoop.processSelectedKeysOptimized(NioEventLoop.java:724) ~[netty-transport-4.1.92.Final.jar:4.1.92.Final]
	at io.netty.channel.nio.NioEventLoop.processSelectedKeys(NioEventLoop.java:650) ~[netty-transport-4.1.92.Final.jar:4.1.92.Final]
	at io.netty.channel.nio.NioEventLoop.run(NioEventLoop.java:562) ~[netty-transport-4.1.92.Final.jar:4.1.92.Final]
	at io.netty.util.concurrent.SingleThreadEventExecutor$4.run(SingleThreadEventExecutor.java:997) ~[netty-common-4.1.92.Final.jar:4.1.92.Final]
	at io.netty.util.internal.ThreadExecutorMap$2.run(ThreadExecutorMap.java:74) ~[netty-common-4.1.92.Final.jar:4.1.92.Final]
	at io.netty.util.concurrent.FastThreadLocalRunnable.run(FastThreadLocalRunnable.java:30) ~[netty-common-4.1.92.Final.jar:4.1.92.Final]
	at java.base/java.lang.Thread.run(Unknown Source) ~[na:na]
	Suppressed: java.lang.Exception: #block terminated with an error
		at reactor.core.publisher.BlockingSingleSubscriber.blockingGet(BlockingSingleSubscriber.java:99) ~[reactor-core-3.5.6.jar:3.5.6]
		at reactor.core.publisher.Mono.block(Mono.java:1710) ~[reactor-core-3.5.6.jar:3.5.6]
		at org.springframework.boot.r2dbc.init.R2dbcScriptDatabaseInitializer.runScripts(R2dbcScriptDatabaseInitializer.java:68) ~[spring-boot-3.1.0.jar:3.1.0]
		at org.springframework.boot.sql.init.AbstractScriptDatabaseInitializer.runScripts(AbstractScriptDatabaseInitializer.java:146) ~[spring-boot-3.1.0.jar:3.1.0]
		at org.springframework.boot.sql.init.AbstractScriptDatabaseInitializer.applyScripts(AbstractScriptDatabaseInitializer.java:108) ~[spring-boot-3.1.0.jar:3.1.0]
		at org.springframework.boot.sql.init.AbstractScriptDatabaseInitializer.applySchemaScripts(AbstractScriptDatabaseInitializer.java:98) ~[spring-boot-3.1.0.jar:3.1.0]
		at org.springframework.boot.sql.init.AbstractScriptDatabaseInitializer.initializeDatabase(AbstractScriptDatabaseInitializer.java:76) ~[spring-boot-3.1.0.jar:3.1.0]
		at org.springframework.boot.sql.init.AbstractScriptDatabaseInitializer.afterPropertiesSet(AbstractScriptDatabaseInitializer.java:66) ~[spring-boot-3.1.0.jar:3.1.0]
		at org.springframework.beans.factory.support.AbstractAutowireCapableBeanFactory.invokeInitMethods(AbstractAutowireCapableBeanFactory.java:1816) ~[spring-beans-6.0.9.jar:6.0.9]
		at org.springframework.beans.factory.support.AbstractAutowireCapableBeanFactory.initializeBean(AbstractAutowireCapableBeanFactory.java:1766) ~[spring-beans-6.0.9.jar:6.0.9]
		at org.springframework.beans.factory.support.AbstractAutowireCapableBeanFactory.doCreateBean(AbstractAutowireCapableBeanFactory.java:598) ~[spring-beans-6.0.9.jar:6.0.9]
		at org.springframework.beans.factory.support.AbstractAutowireCapableBeanFactory.createBean(AbstractAutowireCapableBeanFactory.java:520) ~[spring-beans-6.0.9.jar:6.0.9]
		at org.springframework.beans.factory.support.AbstractBeanFactory.lambda$doGetBean$0(AbstractBeanFactory.java:326) ~[spring-beans-6.0.9.jar:6.0.9]
		at org.springframework.beans.factory.support.DefaultSingletonBeanRegistry.getSingleton(DefaultSingletonBeanRegistry.java:234) ~[spring-beans-6.0.9.jar:6.0.9]
		at org.springframework.beans.factory.support.AbstractBeanFactory.doGetBean(AbstractBeanFactory.java:324) ~[spring-beans-6.0.9.jar:6.0.9]
		at org.springframework.beans.factory.support.AbstractBeanFactory.getBean(AbstractBeanFactory.java:200) ~[spring-beans-6.0.9.jar:6.0.9]
		at org.springframework.beans.factory.support.DefaultListableBeanFactory.preInstantiateSingletons(DefaultListableBeanFactory.java:973) ~[spring-beans-6.0.9.jar:6.0.9]
		at org.springframework.context.support.AbstractApplicationContext.finishBeanFactoryInitialization(AbstractApplicationContext.java:941) ~[spring-context-6.0.9.jar:6.0.9]
		at org.springframework.context.support.AbstractApplicationContext.refresh(AbstractApplicationContext.java:608) ~[spring-context-6.0.9.jar:6.0.9]
		at org.springframework.boot.web.reactive.context.ReactiveWebServerApplicationContext.refresh(ReactiveWebServerApplicationContext.java:66) ~[spring-boot-3.1.0.jar:3.1.0]
		at org.springframework.boot.SpringApplication.refresh(SpringApplication.java:733) ~[spring-boot-3.1.0.jar:3.1.0]
		at org.springframework.boot.SpringApplication.refreshContext(SpringApplication.java:435) ~[spring-boot-3.1.0.jar:3.1.0]
		at org.springframework.boot.SpringApplication.run(SpringApplication.java:311) ~[spring-boot-3.1.0.jar:3.1.0]
		at org.springframework.boot.builder.SpringApplicationBuilder.run(SpringApplicationBuilder.java:150) ~[spring-boot-3.1.0.jar:3.1.0]
		at run.halo.app.Application.main(Application.java:28) ~[classes/:2.6.0]
		at java.base/jdk.internal.reflect.NativeMethodAccessorImpl.invoke0(Native Method) ~[na:na]
		at java.base/jdk.internal.reflect.NativeMethodAccessorImpl.invoke(Unknown Source) ~[na:na]
		at java.base/jdk.internal.reflect.DelegatingMethodAccessorImpl.invoke(Unknown Source) ~[na:na]
		at java.base/java.lang.reflect.Method.invoke(Unknown Source) ~[na:na]
		at org.springframework.boot.loader.MainMethodRunner.run(MainMethodRunner.java:49) ~[application/:na]
		at org.springframework.boot.loader.Launcher.launch(Launcher.java:95) ~[application/:na]
		at org.springframework.boot.loader.Launcher.launch(Launcher.java:58) ~[application/:na]
		at org.springframework.boot.loader.JarLauncher.main(JarLauncher.java:65) ~[application/:na]
Caused by: org.springframework.dao.DataAccessResourceFailureException: Failed to obtain R2DBC Connection
	at org.springframework.r2dbc.connection.ConnectionFactoryUtils.lambda$getConnection$0(ConnectionFactoryUtils.java:90) ~[spring-r2dbc-6.0.9.jar:6.0.9]
	at reactor.core.publisher.Mono.lambda$onErrorMap$28(Mono.java:3773) ~[reactor-core-3.5.6.jar:3.5.6]
	at reactor.core.publisher.FluxOnErrorResume$ResumeSubscriber.onError(FluxOnErrorResume.java:94) ~[reactor-core-3.5.6.jar:3.5.6]
	... 70 common frames omitted
Caused by: java.net.UnknownHostException: Failed to resolve 'halodb' [A(1)] after 2 queries 
	at io.netty.resolver.dns.DnsResolveContext.finishResolve(DnsResolveContext.java:1088) ~[netty-resolver-dns-4.1.92.Final.jar:4.1.92.Final]
	... 35 common frames omitted

2023-06-04T01:28:18.466+08:00  INFO 8 --- [main] run.halo.app.Application                 : Starting Application v2.6.0 using Java 17.0.7 with PID 8 (/application/BOOT-INF/classes started by root in /application)
2023-06-04T01:28:18.469+08:00  INFO 8 --- [main] run.halo.app.Application                 : No active profile set, falling back to 1 default profile: "default"
2023-06-04T01:28:20.095+08:00  INFO 8 --- [main] .s.d.r.c.RepositoryConfigurationDelegate : Multiple Spring Data modules found, entering strict repository configuration mode
2023-06-04T01:28:20.098+08:00  INFO 8 --- [main] .s.d.r.c.RepositoryConfigurationDelegate : Bootstrapping Spring Data R2DBC repositories in DEFAULT mode.
2023-06-04T01:28:20.271+08:00  INFO 8 --- [main] .s.d.r.c.RepositoryConfigurationDelegate : Finished Spring Data repository scanning in 158 ms. Found 1 R2DBC repository interfaces.
2023-06-04T01:28:22.242+08:00  INFO 8 --- [main] org.pf4j.DefaultPluginStatusProvider     : Enabled plugins: []
2023-06-04T01:28:22.244+08:00  INFO 8 --- [main] org.pf4j.DefaultPluginStatusProvider     : Disabled plugins: []
2023-06-04T01:28:22.248+08:00  INFO 8 --- [main] org.pf4j.DefaultPluginManager            : PF4J version 3.9.0 in 'deployment' mode
2023-06-04T01:28:24.018+08:00  INFO 8 --- [main] o.s.b.a.e.web.EndpointLinksResolver      : Exposing 5 endpoint(s) beneath base path '/actuator'
2023-06-04T01:28:24.549+08:00  WARN 8 --- [main] onfigReactiveWebServerApplicationContext : Exception encountered during context initialization - cancelling refresh attempt: org.springframework.beans.factory.BeanCreationException: Error creating bean with name 'r2dbcScriptDatabaseInitializer' defined in class path resource [org/springframework/boot/autoconfigure/sql/init/R2dbcInitializationConfiguration.class]: Failed to execute database script
2023-06-04T01:28:24.554+08:00  INFO 8 --- [main] r.h.a.e.c.DefaultControllerManager       : Shutting down 0 controllers...
2023-06-04T01:28:24.555+08:00  INFO 8 --- [main] r.h.a.e.c.DefaultControllerManager       : Shutdown 0 controllers.
2023-06-04T01:28:24.556+08:00  INFO 8 --- [main] r.h.a.e.controller.DefaultController     : Disposing controller garbage-collector-controller
2023-06-04T01:28:24.557+08:00  INFO 8 --- [main] r.h.a.e.controller.DefaultController     : Controller garbage-collector-controller is disposed
2023-06-04T01:28:24.592+08:00  INFO 8 --- [main] .s.b.a.l.ConditionEvaluationReportLogger : 

Error starting ApplicationContext. To display the condition evaluation report re-run your application with 'debug' enabled.
2023-06-04T01:28:24.618+08:00 ERROR 8 --- [main] o.s.boot.SpringApplication               : Application run failed

org.springframework.beans.factory.BeanCreationException: Error creating bean with name 'r2dbcScriptDatabaseInitializer' defined in class path resource [org/springframework/boot/autoconfigure/sql/init/R2dbcInitializationConfiguration.class]: Failed to execute database script
	at org.springframework.beans.factory.support.AbstractAutowireCapableBeanFactory.initializeBean(AbstractAutowireCapableBeanFactory.java:1770) ~[spring-beans-6.0.9.jar:6.0.9]
	at org.springframework.beans.factory.support.AbstractAutowireCapableBeanFactory.doCreateBean(AbstractAutowireCapableBeanFactory.java:598) ~[spring-beans-6.0.9.jar:6.0.9]
	at org.springframework.beans.factory.support.AbstractAutowireCapableBeanFactory.createBean(AbstractAutowireCapableBeanFactory.java:520) ~[spring-beans-6.0.9.jar:6.0.9]
	at org.springframework.beans.factory.support.AbstractBeanFactory.lambda$doGetBean$0(AbstractBeanFactory.java:326) ~[spring-beans-6.0.9.jar:6.0.9]
	at org.springframework.beans.factory.support.DefaultSingletonBeanRegistry.getSingleton(DefaultSingletonBeanRegistry.java:234) ~[spring-beans-6.0.9.jar:6.0.9]
	at org.springframework.beans.factory.support.AbstractBeanFactory.doGetBean(AbstractBeanFactory.java:324) ~[spring-beans-6.0.9.jar:6.0.9]
	at org.springframework.beans.factory.support.AbstractBeanFactory.getBean(AbstractBeanFactory.java:200) ~[spring-beans-6.0.9.jar:6.0.9]
	at org.springframework.beans.factory.support.DefaultListableBeanFactory.preInstantiateSingletons(DefaultListableBeanFactory.java:973) ~[spring-beans-6.0.9.jar:6.0.9]
	at org.springframework.context.support.AbstractApplicationContext.finishBeanFactoryInitialization(AbstractApplicationContext.java:941) ~[spring-context-6.0.9.jar:6.0.9]
	at org.springframework.context.support.AbstractApplicationContext.refresh(AbstractApplicationContext.java:608) ~[spring-context-6.0.9.jar:6.0.9]
	at org.springframework.boot.web.reactive.context.ReactiveWebServerApplicationContext.refresh(ReactiveWebServerApplicationContext.java:66) ~[spring-boot-3.1.0.jar:3.1.0]
	at org.springframework.boot.SpringApplication.refresh(SpringApplication.java:733) ~[spring-boot-3.1.0.jar:3.1.0]
	at org.springframework.boot.SpringApplication.refreshContext(SpringApplication.java:435) ~[spring-boot-3.1.0.jar:3.1.0]
	at org.springframework.boot.SpringApplication.run(SpringApplication.java:311) ~[spring-boot-3.1.0.jar:3.1.0]
	at org.springframework.boot.builder.SpringApplicationBuilder.run(SpringApplicationBuilder.java:150) ~[spring-boot-3.1.0.jar:3.1.0]
	at run.halo.app.Application.main(Application.java:28) ~[classes/:2.6.0]
	at java.base/jdk.internal.reflect.NativeMethodAccessorImpl.invoke0(Native Method) ~[na:na]
	at java.base/jdk.internal.reflect.NativeMethodAccessorImpl.invoke(Unknown Source) ~[na:na]
	at java.base/jdk.internal.reflect.DelegatingMethodAccessorImpl.invoke(Unknown Source) ~[na:na]
	at java.base/java.lang.reflect.Method.invoke(Unknown Source) ~[na:na]
	at org.springframework.boot.loader.MainMethodRunner.run(MainMethodRunner.java:49) ~[application/:na]
	at org.springframework.boot.loader.Launcher.launch(Launcher.java:95) ~[application/:na]
	at org.springframework.boot.loader.Launcher.launch(Launcher.java:58) ~[application/:na]
	at org.springframework.boot.loader.JarLauncher.main(JarLauncher.java:65) ~[application/:na]
Caused by: org.springframework.r2dbc.connection.init.UncategorizedScriptException: Failed to execute database script
	at org.springframework.r2dbc.connection.init.DatabasePopulator.lambda$populate$4(DatabasePopulator.java:65) ~[spring-r2dbc-6.0.9.jar:6.0.9]
	at reactor.core.publisher.Mono.lambda$onErrorMap$27(Mono.java:3759) ~[reactor-core-3.5.6.jar:3.5.6]
	at reactor.core.publisher.Mono.lambda$onErrorResume$29(Mono.java:3849) ~[reactor-core-3.5.6.jar:3.5.6]
	at reactor.core.publisher.FluxOnErrorResume$ResumeSubscriber.onError(FluxOnErrorResume.java:94) ~[reactor-core-3.5.6.jar:3.5.6]
	at reactor.core.publisher.MonoUsingWhen$ResourceSubscriber.onError(MonoUsingWhen.java:203) ~[reactor-core-3.5.6.jar:3.5.6]
	at reactor.core.publisher.FluxOnErrorResume$ResumeSubscriber.onError(FluxOnErrorResume.java:106) ~[reactor-core-3.5.6.jar:3.5.6]
	at reactor.core.publisher.Operators.error(Operators.java:198) ~[reactor-core-3.5.6.jar:3.5.6]
	at reactor.core.publisher.MonoError.subscribe(MonoError.java:53) ~[reactor-core-3.5.6.jar:3.5.6]
	at reactor.core.publisher.Mono.subscribe(Mono.java:4485) ~[reactor-core-3.5.6.jar:3.5.6]
	at reactor.core.publisher.FluxOnErrorResume$ResumeSubscriber.onError(FluxOnErrorResume.java:103) ~[reactor-core-3.5.6.jar:3.5.6]
	at reactor.core.publisher.FluxOnErrorResume$ResumeSubscriber.onError(FluxOnErrorResume.java:106) ~[reactor-core-3.5.6.jar:3.5.6]
	at reactor.core.publisher.FluxRetry$RetrySubscriber.onError(FluxRetry.java:95) ~[reactor-core-3.5.6.jar:3.5.6]
	at reactor.core.publisher.MonoFlatMap$FlatMapMain.onError(MonoFlatMap.java:180) ~[reactor-core-3.5.6.jar:3.5.6]
	at reactor.pool.AbstractPool$Borrower.fail(AbstractPool.java:475) ~[reactor-pool-1.0.0.jar:1.0.0]
	at reactor.pool.SimpleDequePool.lambda$drainLoop$9(SimpleDequePool.java:429) ~[reactor-pool-1.0.0.jar:1.0.0]
	at reactor.core.publisher.FluxDoOnEach$DoOnEachSubscriber.onError(FluxDoOnEach.java:186) ~[reactor-core-3.5.6.jar:3.5.6]
	at reactor.core.publisher.MonoFlatMap$FlatMapMain.onError(MonoFlatMap.java:180) ~[reactor-core-3.5.6.jar:3.5.6]
	at reactor.core.publisher.MonoFlatMap$FlatMapMain.onError(MonoFlatMap.java:180) ~[reactor-core-3.5.6.jar:3.5.6]
	at reactor.core.publisher.FluxMap$MapSubscriber.onError(FluxMap.java:134) ~[reactor-core-3.5.6.jar:3.5.6]
	at reactor.core.publisher.MonoCreate$DefaultMonoSink.error(MonoCreate.java:201) ~[reactor-core-3.5.6.jar:3.5.6]
	at reactor.netty.resources.NewConnectionProvider$DisposableConnect.onError(NewConnectionProvider.java:154) ~[reactor-netty-core-1.1.7.jar:1.1.7]
	at reactor.core.publisher.MonoFlatMap$FlatMapMain.secondError(MonoFlatMap.java:241) ~[reactor-core-3.5.6.jar:3.5.6]
	at reactor.core.publisher.MonoFlatMap$FlatMapInner.onError(MonoFlatMap.java:315) ~[reactor-core-3.5.6.jar:3.5.6]
	at reactor.core.publisher.FluxOnErrorResume$ResumeSubscriber.onError(FluxOnErrorResume.java:106) ~[reactor-core-3.5.6.jar:3.5.6]
	at reactor.core.publisher.Operators.error(Operators.java:198) ~[reactor-core-3.5.6.jar:3.5.6]
	at reactor.core.publisher.MonoError.subscribe(MonoError.java:53) ~[reactor-core-3.5.6.jar:3.5.6]
	at reactor.core.publisher.Mono.subscribe(Mono.java:4485) ~[reactor-core-3.5.6.jar:3.5.6]
	at reactor.core.publisher.FluxOnErrorResume$ResumeSubscriber.onError(FluxOnErrorResume.java:103) ~[reactor-core-3.5.6.jar:3.5.6]
	at reactor.netty.transport.TransportConnector$MonoChannelPromise.tryFailure(TransportConnector.java:587) ~[reactor-netty-core-1.1.7.jar:1.1.7]
	at reactor.netty.transport.TransportConnector.lambda$doResolveAndConnect$11(TransportConnector.java:394) ~[reactor-netty-core-1.1.7.jar:1.1.7]
	at io.netty.util.concurrent.DefaultPromise.notifyListener0(DefaultPromise.java:590) ~[netty-common-4.1.92.Final.jar:4.1.92.Final]
	at io.netty.util.concurrent.DefaultPromise.notifyListenersNow(DefaultPromise.java:557) ~[netty-common-4.1.92.Final.jar:4.1.92.Final]
	at io.netty.util.concurrent.DefaultPromise.notifyListeners(DefaultPromise.java:492) ~[netty-common-4.1.92.Final.jar:4.1.92.Final]
	at io.netty.util.concurrent.DefaultPromise.setValue0(DefaultPromise.java:636) ~[netty-common-4.1.92.Final.jar:4.1.92.Final]
	at io.netty.util.concurrent.DefaultPromise.setFailure0(DefaultPromise.java:629) ~[netty-common-4.1.92.Final.jar:4.1.92.Final]
	at io.netty.util.concurrent.DefaultPromise.setFailure(DefaultPromise.java:110) ~[netty-common-4.1.92.Final.jar:4.1.92.Final]
	at io.netty.resolver.InetSocketAddressResolver$2.operationComplete(InetSocketAddressResolver.java:86) ~[netty-resolver-4.1.92.Final.jar:4.1.92.Final]
	at io.netty.util.concurrent.DefaultPromise.notifyListener0(DefaultPromise.java:590) ~[netty-common-4.1.92.Final.jar:4.1.92.Final]
	at io.netty.util.concurrent.DefaultPromise.notifyListeners0(DefaultPromise.java:583) ~[netty-common-4.1.92.Final.jar:4.1.92.Final]
	at io.netty.util.concurrent.DefaultPromise.notifyListenersNow(DefaultPromise.java:559) ~[netty-common-4.1.92.Final.jar:4.1.92.Final]
	at io.netty.util.concurrent.DefaultPromise.notifyListeners(DefaultPromise.java:492) ~[netty-common-4.1.92.Final.jar:4.1.92.Final]
	at io.netty.util.concurrent.DefaultPromise.setValue0(DefaultPromise.java:636) ~[netty-common-4.1.92.Final.jar:4.1.92.Final]
	at io.netty.util.concurrent.DefaultPromise.setFailure0(DefaultPromise.java:629) ~[netty-common-4.1.92.Final.jar:4.1.92.Final]
	at io.netty.util.concurrent.DefaultPromise.tryFailure(DefaultPromise.java:118) ~[netty-common-4.1.92.Final.jar:4.1.92.Final]
	at io.netty.resolver.dns.DnsResolveContext.finishResolve(DnsResolveContext.java:1096) ~[netty-resolver-dns-4.1.92.Final.jar:4.1.92.Final]
	at io.netty.resolver.dns.DnsResolveContext.tryToFinishResolve(DnsResolveContext.java:1035) ~[netty-resolver-dns-4.1.92.Final.jar:4.1.92.Final]
	at io.netty.resolver.dns.DnsResolveContext.query(DnsResolveContext.java:422) ~[netty-resolver-dns-4.1.92.Final.jar:4.1.92.Final]
	at io.netty.resolver.dns.DnsResolveContext.onResponse(DnsResolveContext.java:655) ~[netty-resolver-dns-4.1.92.Final.jar:4.1.92.Final]
	at io.netty.resolver.dns.DnsResolveContext.access$500(DnsResolveContext.java:66) ~[netty-resolver-dns-4.1.92.Final.jar:4.1.92.Final]
	at io.netty.resolver.dns.DnsResolveContext$2.operationComplete(DnsResolveContext.java:482) ~[netty-resolver-dns-4.1.92.Final.jar:4.1.92.Final]
	at io.netty.util.concurrent.DefaultPromise.notifyListener0(DefaultPromise.java:590) ~[netty-common-4.1.92.Final.jar:4.1.92.Final]
	at io.netty.util.concurrent.DefaultPromise.notifyListeners0(DefaultPromise.java:583) ~[netty-common-4.1.92.Final.jar:4.1.92.Final]
	at io.netty.util.concurrent.DefaultPromise.notifyListenersNow(DefaultPromise.java:559) ~[netty-common-4.1.92.Final.jar:4.1.92.Final]
	at io.netty.util.concurrent.DefaultPromise.notifyListeners(DefaultPromise.java:492) ~[netty-common-4.1.92.Final.jar:4.1.92.Final]
	at io.netty.util.concurrent.DefaultPromise.setValue0(DefaultPromise.java:636) ~[netty-common-4.1.92.Final.jar:4.1.92.Final]
	at io.netty.util.concurrent.DefaultPromise.setSuccess0(DefaultPromise.java:625) ~[netty-common-4.1.92.Final.jar:4.1.92.Final]
	at io.netty.util.concurrent.DefaultPromise.trySuccess(DefaultPromise.java:105) ~[netty-common-4.1.92.Final.jar:4.1.92.Final]
	at io.netty.resolver.dns.DnsQueryContext.trySuccess(DnsQueryContext.java:232) ~[netty-resolver-dns-4.1.92.Final.jar:4.1.92.Final]
	at io.netty.resolver.dns.DnsQueryContext.finish(DnsQueryContext.java:224) ~[netty-resolver-dns-4.1.92.Final.jar:4.1.92.Final]
	at io.netty.resolver.dns.DnsNameResolver$DnsResponseHandler.channelRead(DnsNameResolver.java:1364) ~[netty-resolver-dns-4.1.92.Final.jar:4.1.92.Final]
	at io.netty.channel.AbstractChannelHandlerContext.invokeChannelRead(AbstractChannelHandlerContext.java:444) ~[netty-transport-4.1.92.Final.jar:4.1.92.Final]
	at io.netty.channel.AbstractChannelHandlerContext.invokeChannelRead(AbstractChannelHandlerContext.java:420) ~[netty-transport-4.1.92.Final.jar:4.1.92.Final]
	at io.netty.channel.AbstractChannelHandlerContext.fireChannelRead(AbstractChannelHandlerContext.java:412) ~[netty-transport-4.1.92.Final.jar:4.1.92.Final]
	at io.netty.handler.codec.MessageToMessageDecoder.channelRead(MessageToMessageDecoder.java:103) ~[netty-codec-4.1.92.Final.jar:4.1.92.Final]
	at io.netty.channel.AbstractChannelHandlerContext.invokeChannelRead(AbstractChannelHandlerContext.java:444) ~[netty-transport-4.1.92.Final.jar:4.1.92.Final]
	at io.netty.channel.AbstractChannelHandlerContext.invokeChannelRead(AbstractChannelHandlerContext.java:420) ~[netty-transport-4.1.92.Final.jar:4.1.92.Final]
	at io.netty.channel.AbstractChannelHandlerContext.fireChannelRead(AbstractChannelHandlerContext.java:412) ~[netty-transport-4.1.92.Final.jar:4.1.92.Final]
	at io.netty.channel.DefaultChannelPipeline$HeadContext.channelRead(DefaultChannelPipeline.java:1410) ~[netty-transport-4.1.92.Final.jar:4.1.92.Final]
	at io.netty.channel.AbstractChannelHandlerContext.invokeChannelRead(AbstractChannelHandlerContext.java:440) ~[netty-transport-4.1.92.Final.jar:4.1.92.Final]
	at io.netty.channel.AbstractChannelHandlerContext.invokeChannelRead(AbstractChannelHandlerContext.java:420) ~[netty-transport-4.1.92.Final.jar:4.1.92.Final]
	at io.netty.channel.DefaultChannelPipeline.fireChannelRead(DefaultChannelPipeline.java:919) ~[netty-transport-4.1.92.Final.jar:4.1.92.Final]
	at io.netty.channel.nio.AbstractNioMessageChannel$NioMessageUnsafe.read(AbstractNioMessageChannel.java:97) ~[netty-transport-4.1.92.Final.jar:4.1.92.Final]
	at io.netty.channel.nio.NioEventLoop.processSelectedKey(NioEventLoop.java:788) ~[netty-transport-4.1.92.Final.jar:4.1.92.Final]
	at io.netty.channel.nio.NioEventLoop.processSelectedKeysOptimized(NioEventLoop.java:724) ~[netty-transport-4.1.92.Final.jar:4.1.92.Final]
	at io.netty.channel.nio.NioEventLoop.processSelectedKeys(NioEventLoop.java:650) ~[netty-transport-4.1.92.Final.jar:4.1.92.Final]
	at io.netty.channel.nio.NioEventLoop.run(NioEventLoop.java:562) ~[netty-transport-4.1.92.Final.jar:4.1.92.Final]
	at io.netty.util.concurrent.SingleThreadEventExecutor$4.run(SingleThreadEventExecutor.java:997) ~[netty-common-4.1.92.Final.jar:4.1.92.Final]
	at io.netty.util.internal.ThreadExecutorMap$2.run(ThreadExecutorMap.java:74) ~[netty-common-4.1.92.Final.jar:4.1.92.Final]
	at io.netty.util.concurrent.FastThreadLocalRunnable.run(FastThreadLocalRunnable.java:30) ~[netty-common-4.1.92.Final.jar:4.1.92.Final]
	at java.base/java.lang.Thread.run(Unknown Source) ~[na:na]
	Suppressed: java.lang.Exception: #block terminated with an error
		at reactor.core.publisher.BlockingSingleSubscriber.blockingGet(BlockingSingleSubscriber.java:99) ~[reactor-core-3.5.6.jar:3.5.6]
		at reactor.core.publisher.Mono.block(Mono.java:1710) ~[reactor-core-3.5.6.jar:3.5.6]
		at org.springframework.boot.r2dbc.init.R2dbcScriptDatabaseInitializer.runScripts(R2dbcScriptDatabaseInitializer.java:68) ~[spring-boot-3.1.0.jar:3.1.0]
		at org.springframework.boot.sql.init.AbstractScriptDatabaseInitializer.runScripts(AbstractScriptDatabaseInitializer.java:146) ~[spring-boot-3.1.0.jar:3.1.0]
		at org.springframework.boot.sql.init.AbstractScriptDatabaseInitializer.applyScripts(AbstractScriptDatabaseInitializer.java:108) ~[spring-boot-3.1.0.jar:3.1.0]
		at org.springframework.boot.sql.init.AbstractScriptDatabaseInitializer.applySchemaScripts(AbstractScriptDatabaseInitializer.java:98) ~[spring-boot-3.1.0.jar:3.1.0]
		at org.springframework.boot.sql.init.AbstractScriptDatabaseInitializer.initializeDatabase(AbstractScriptDatabaseInitializer.java:76) ~[spring-boot-3.1.0.jar:3.1.0]
		at org.springframework.boot.sql.init.AbstractScriptDatabaseInitializer.afterPropertiesSet(AbstractScriptDatabaseInitializer.java:66) ~[spring-boot-3.1.0.jar:3.1.0]
		at org.springframework.beans.factory.support.AbstractAutowireCapableBeanFactory.invokeInitMethods(AbstractAutowireCapableBeanFactory.java:1816) ~[spring-beans-6.0.9.jar:6.0.9]
		at org.springframework.beans.factory.support.AbstractAutowireCapableBeanFactory.initializeBean(AbstractAutowireCapableBeanFactory.java:1766) ~[spring-beans-6.0.9.jar:6.0.9]
		at org.springframework.beans.factory.support.AbstractAutowireCapableBeanFactory.doCreateBean(AbstractAutowireCapableBeanFactory.java:598) ~[spring-beans-6.0.9.jar:6.0.9]
		at org.springframework.beans.factory.support.AbstractAutowireCapableBeanFactory.createBean(AbstractAutowireCapableBeanFactory.java:520) ~[spring-beans-6.0.9.jar:6.0.9]
		at org.springframework.beans.factory.support.AbstractBeanFactory.lambda$doGetBean$0(AbstractBeanFactory.java:326) ~[spring-beans-6.0.9.jar:6.0.9]
		at org.springframework.beans.factory.support.DefaultSingletonBeanRegistry.getSingleton(DefaultSingletonBeanRegistry.java:234) ~[spring-beans-6.0.9.jar:6.0.9]
		at org.springframework.beans.factory.support.AbstractBeanFactory.doGetBean(AbstractBeanFactory.java:324) ~[spring-beans-6.0.9.jar:6.0.9]
		at org.springframework.beans.factory.support.AbstractBeanFactory.getBean(AbstractBeanFactory.java:200) ~[spring-beans-6.0.9.jar:6.0.9]
		at org.springframework.beans.factory.support.DefaultListableBeanFactory.preInstantiateSingletons(DefaultListableBeanFactory.java:973) ~[spring-beans-6.0.9.jar:6.0.9]
		at org.springframework.context.support.AbstractApplicationContext.finishBeanFactoryInitialization(AbstractApplicationContext.java:941) ~[spring-context-6.0.9.jar:6.0.9]
		at org.springframework.context.support.AbstractApplicationContext.refresh(AbstractApplicationContext.java:608) ~[spring-context-6.0.9.jar:6.0.9]
		at org.springframework.boot.web.reactive.context.ReactiveWebServerApplicationContext.refresh(ReactiveWebServerApplicationContext.java:66) ~[spring-boot-3.1.0.jar:3.1.0]
		at org.springframework.boot.SpringApplication.refresh(SpringApplication.java:733) ~[spring-boot-3.1.0.jar:3.1.0]
		at org.springframework.boot.SpringApplication.refreshContext(SpringApplication.java:435) ~[spring-boot-3.1.0.jar:3.1.0]
		at org.springframework.boot.SpringApplication.run(SpringApplication.java:311) ~[spring-boot-3.1.0.jar:3.1.0]
		at org.springframework.boot.builder.SpringApplicationBuilder.run(SpringApplicationBuilder.java:150) ~[spring-boot-3.1.0.jar:3.1.0]
		at run.halo.app.Application.main(Application.java:28) ~[classes/:2.6.0]
		at java.base/jdk.internal.reflect.NativeMethodAccessorImpl.invoke0(Native Method) ~[na:na]
		at java.base/jdk.internal.reflect.NativeMethodAccessorImpl.invoke(Unknown Source) ~[na:na]
		at java.base/jdk.internal.reflect.DelegatingMethodAccessorImpl.invoke(Unknown Source) ~[na:na]
		at java.base/java.lang.reflect.Method.invoke(Unknown Source) ~[na:na]
		at org.springframework.boot.loader.MainMethodRunner.run(MainMethodRunner.java:49) ~[application/:na]
		at org.springframework.boot.loader.Launcher.launch(Launcher.java:95) ~[application/:na]
		at org.springframework.boot.loader.Launcher.launch(Launcher.java:58) ~[application/:na]
		at org.springframework.boot.loader.JarLauncher.main(JarLauncher.java:65) ~[application/:na]
Caused by: org.springframework.dao.DataAccessResourceFailureException: Failed to obtain R2DBC Connection
	at org.springframework.r2dbc.connection.ConnectionFactoryUtils.lambda$getConnection$0(ConnectionFactoryUtils.java:90) ~[spring-r2dbc-6.0.9.jar:6.0.9]
	at reactor.core.publisher.Mono.lambda$onErrorMap$28(Mono.java:3773) ~[reactor-core-3.5.6.jar:3.5.6]
	at reactor.core.publisher.FluxOnErrorResume$ResumeSubscriber.onError(FluxOnErrorResume.java:94) ~[reactor-core-3.5.6.jar:3.5.6]
	... 70 common frames omitted
Caused by: java.net.UnknownHostException: Failed to resolve 'halodb' [A(1)] after 2 queries 
	at io.netty.resolver.dns.DnsResolveContext.finishResolve(DnsResolveContext.java:1088) ~[netty-resolver-dns-4.1.92.Final.jar:4.1.92.Final]
	... 35 common frames omitted

